#
# A fatal error has been detected by the Java Runtime Environment:
#
#  EXCEPTION_ACCESS_VIOLATION (0xc0000005) at pc=0x00007ffd15dccced, pid=2452, tid=9984
#
# JRE version: OpenJDK Runtime Environment (11.0.13) (build 11.0.13+0-b1751.21-8125866)
# Java VM: OpenJDK 64-Bit Server VM (11.0.13+0-b1751.21-8125866, mixed mode, tiered, compressed oops, g1 gc, windows-amd64)
# Problematic frame:
# V  [jvm.dll+0x32cced]
#
# No core dump will be written. Minidumps are not enabled by default on client versions of Windows
#
# If you would like to submit a bug report, please visit:
#   https://bugreport.java.com/bugreport/crash.jsp
#

---------------  S U M M A R Y ------------

Command Line: --add-opens=java.base/java.util=ALL-UNNAMED --add-opens=java.base/java.lang=ALL-UNNAMED --add-opens=java.base/java.lang.invoke=ALL-UNNAMED --add-opens=java.base/java.util=ALL-UNNAMED --add-opens=java.prefs/java.util.prefs=ALL-UNNAMED --add-opens=java.prefs/java.util.prefs=ALL-UNNAMED --add-opens=java.base/java.nio.charset=ALL-UNNAMED --add-opens=java.base/java.net=ALL-UNNAMED --add-opens=java.base/java.util.concurrent.atomic=ALL-UNNAMED -Xmx2048m -Dfile.encoding=UTF-8 -Duser.country=US -Duser.language=en -Duser.variant org.gradle.launcher.daemon.bootstrap.GradleDaemon 7.4

Host: Intel(R) Core(TM) i3-7100 CPU @ 3.90GHz, 4 cores, 11G,  Windows 10 , 64 bit Build 19041 (10.0.19041.2364)
Time: Fri Jan 20 01:49:52 2023 Bangladesh Standard Time elapsed time: 7.263077 seconds (0d 0h 0m 7s)

---------------  T H R E A D  ---------------

Current thread (0x000001abf0d40000):  JavaThread "C2 CompilerThread0" daemon [_thread_in_native, id=9984, stack(0x000000429df00000,0x000000429e000000)]


Current CompileTask:
C2:   7263 4296       4       java.io.WinNTFileSystem::normalize (143 bytes)

Stack: [0x000000429df00000,0x000000429e000000],  sp=0x000000429dffb920,  free space=1006k
Native frames: (J=compiled Java code, j=interpreted, Vv=VM code, C=native code)
V  [jvm.dll+0x32cced]
V  [jvm.dll+0x32de9a]
V  [jvm.dll+0x32b631]
V  [jvm.dll+0x32ad2a]
V  [jvm.dll+0x2032b2]
V  [jvm.dll+0x202437]
V  [jvm.dll+0x188e01]
V  [jvm.dll+0x21106b]
V  [jvm.dll+0x20f8c1]
V  [jvm.dll+0x70de0f]
V  [jvm.dll+0x706a75]
V  [jvm.dll+0x60ed66]
C  [ucrtbase.dll+0x21bb2]
C  [KERNEL32.DLL+0x17614]
C  [ntdll.dll+0x526a1]


siginfo: EXCEPTION_ACCESS_VIOLATION (0xc0000005), reading address 0x0000012bf33ccd68


Register to memory mapping:

RIP=0x00007ffd15dccced jvm.dll
RAX=0x000001abf2874218 points into unknown readable memory: 0x00007ffd162b2d48 | 48 2d 2b 16 fd 7f 00 00
RBX=0x0000012bf33ccd40 is an unknown value
RCX=0x000001abf501f990 points into unknown readable memory: 0x000001abf374bee0 | e0 be 74 f3 ab 01 00 00
RDX=0x000000429dffba80 is pointing into the stack for thread: 0x000001abf0d40000
RSP=0x000000429dffb920 is pointing into the stack for thread: 0x000001abf0d40000
RBP=0x0 is NULL
RSI=0x000001abf33cce08 points into unknown readable memory: 0x00007ffd16266b00 | 00 6b 26 16 fd 7f 00 00
RDI=0x0 is NULL
R8 =0x000000000000001e is an unknown value
R9 =0x000000429dffba80 is pointing into the stack for thread: 0x000001abf0d40000
R10=0x000001abf1317068 points into unknown readable memory: 0x000001abf35a2740 | 40 27 5a f3 ab 01 00 00
R11=0x000001abf1317040 points into unknown readable memory: 0x000001abf35a1e80 | 80 1e 5a f3 ab 01 00 00
R12=0x0 is NULL
R13=0x0000000000000002 is an unknown value
R14=0x000000429dffb990 is pointing into the stack for thread: 0x000001abf0d40000
R15=0x0000000000000223 is an unknown value


Registers:
RAX=0x000001abf2874218, RBX=0x0000012bf33ccd40, RCX=0x000001abf501f990, RDX=0x000000429dffba80
RSP=0x000000429dffb920, RBP=0x0000000000000000, RSI=0x000001abf33cce08, RDI=0x0000000000000000
R8 =0x000000000000001e, R9 =0x000000429dffba80, R10=0x000001abf1317068, R11=0x000001abf1317040
R12=0x0000000000000000, R13=0x0000000000000002, R14=0x000000429dffb990, R15=0x0000000000000223
RIP=0x00007ffd15dccced, EFLAGS=0x0000000000010246

Top of Stack: (sp=0x000000429dffb920)
0x000000429dffb920:   000000429dffbee0 000001abf35a2740
0x000000429dffb930:   000000429dffbee0 0000000000000002
0x000000429dffb940:   000000429dffbee0 000001abf35a2740
0x000000429dffb950:   000001abf28731f8 000001abf35a2801
0x000000429dffb960:   0000000000000000 00007ffd15dcde9a
0x000000429dffb970:   000000429dffbee0 000001abf35a2740
0x000000429dffb980:   000001abf2874218 000001abf35a2740
0x000000429dffb990:   000000429dffba80 000000429dffba30
0x000000429dffb9a0:   000000429dffbee0 000001abf0d34230
0x000000429dffb9b0:   000001abf0d3d4e8 000001abf6882740
0x000000429dffb9c0:   00007ffd162b20f8 000000429dffbae0
0x000000429dffb9d0:   000000429dffbee0 00007ffd15dcb631
0x000000429dffb9e0:   000001abf21ca4e0 000001abf0d34230
0x000000429dffb9f0:   0000000000005950 0000000000000b00
0x000000429dffba00:   000001ab000003ff 0000000000000b53
0x000000429dffba10:   0000000000000000 0000000000011af0 

Instructions: (pc=0x00007ffd15dccced)
0x00007ffd15dccbed:   8b 5b 18 49 8b 6b 20 49 8b 73 28 49 8b e3 5f c3
0x00007ffd15dccbfd:   cc cc cc 41 56 48 83 ec 40 48 8b 51 08 4c 8b f1
0x00007ffd15dccc0d:   48 8b 02 48 2b 42 10 48 83 c0 10 48 c1 e8 04 85
0x00007ffd15dccc1d:   c0 75 09 33 c0 48 83 c4 40 41 5e c3 48 8b 02 48
0x00007ffd15dccc2d:   89 5c 24 58 48 89 6c 24 60 48 89 74 24 38 48 8b
0x00007ffd15dccc3d:   30 48 89 7c 24 30 48 83 e6 fe 4c 89 64 24 28 44
0x00007ffd15dccc4d:   0f b6 20 8b 40 08 41 80 e4 01 8b 7e 20 3b c7 4c
0x00007ffd15dccc5d:   89 7c 24 20 0f 42 f8 48 83 02 f0 0f 1f 84 00 00
0x00007ffd15dccc6d:   00 00 00 44 8b 46 28 41 8b c0 4d 8b 0e c1 e8 05
0x00007ffd15dccc7d:   41 3b 41 10 72 0e 49 8b 01 41 8b d0 49 8b c9 ff
0x00007ffd15dccc8d:   50 18 eb 1b 8b c8 41 83 e0 1f 49 8b 41 18 48 8d
0x00007ffd15dccc9d:   14 88 b8 01 00 00 00 41 0f b6 c8 d3 e0 09 02 8b
0x00007ffd15dcccad:   46 2c 24 0f 3c 08 75 09 48 8b 46 08 48 8b 08 eb
0x00007ffd15dcccbd:   03 48 8b ce 49 8b 46 10 33 ed 8b 51 28 48 8b 48
0x00007ffd15dccccd:   78 48 8b 04 d1 44 8b 78 68 85 ff 0f 84 c3 00 00
0x00007ffd15dcccdd:   00 66 90 48 8b 5e 10 ff cf 49 8b 16 48 8b 1c fb
0x00007ffd15dccced:   8b 4b 28 8b c1 c1 e8 05 3b 42 10 73 19 44 8b c0
0x00007ffd15dcccfd:   83 e1 1f 48 8b 42 18 ba 01 00 00 00 d3 e2 42 8b
0x00007ffd15dccd0d:   04 80 23 c2 75 4a 8b 43 2c 24 0f 3c 08 75 09 48
0x00007ffd15dccd1d:   8b 43 08 4c 8b 00 eb 03 4c 8b c3 49 8b 46 10 41
0x00007ffd15dccd2d:   8b 50 28 48 8b 48 78 48 8b 04 d1 8b 48 68 41 3b
0x00007ffd15dccd3d:   cf 72 1d 75 0b 41 8b 40 2c 83 e0 0f 3c 0c 74 10
0x00007ffd15dccd4d:   48 8b cb 48 8b eb e8 08 2e 2c 00 41 3a c4 74 08
0x00007ffd15dccd5d:   85 ff 0f 85 7b ff ff ff 48 85 ed 74 37 49 8b 5e
0x00007ffd15dccd6d:   08 48 83 03 10 48 8b 03 48 3b 43 08 72 08 48 8b
0x00007ffd15dccd7d:   cb e8 3d 20 2c 00 48 8b 0b 41 0f b6 c4 48 0b c6
0x00007ffd15dccd8d:   48 8b f5 45 32 e4 48 89 01 89 79 08 8b 7d 20 e9
0x00007ffd15dccd9d:   cf fe ff ff 45 84 e4 75 0b 8b 7e 20 41 b4 01 e9
0x00007ffd15dccdad:   bf fe ff ff 4c 8b 7c 24 20 48 8b c6 48 8b 74 24
0x00007ffd15dccdbd:   38 4c 8b 64 24 28 48 8b 7c 24 30 48 8b 6c 24 60
0x00007ffd15dccdcd:   48 8b 5c 24 58 48 83 c4 40 41 5e c3 cc cc cc cc
0x00007ffd15dccddd:   cc cc cc 48 89 5c 24 08 48 89 74 24 10 57 48 83 


Stack slot to memory mapping:
stack at sp + 0 slots: 0x000000429dffbee0 is pointing into the stack for thread: 0x000001abf0d40000
stack at sp + 1 slots: 0x000001abf35a2740 points into unknown readable memory: 0x00007ffd162624b0 | b0 24 26 16 fd 7f 00 00
stack at sp + 2 slots: 0x000000429dffbee0 is pointing into the stack for thread: 0x000001abf0d40000
stack at sp + 3 slots: 0x0000000000000002 is an unknown value
stack at sp + 4 slots: 0x000000429dffbee0 is pointing into the stack for thread: 0x000001abf0d40000
stack at sp + 5 slots: 0x000001abf35a2740 points into unknown readable memory: 0x00007ffd162624b0 | b0 24 26 16 fd 7f 00 00
stack at sp + 6 slots: 0x000001abf28731f8 points into unknown readable memory: 0x00007ffd162b2d48 | 48 2d 2b 16 fd 7f 00 00
stack at sp + 7 slots: 0x000001abf35a2801 points into unknown readable memory: 8a 4c 16 fd 7f 00 00


---------------  P R O C E S S  ---------------

Threads class SMR info:
_java_thread_list=0x000001abf6ed7280, length=37, elements={
0x000001abd616d000, 0x000001abf04e4800, 0x000001abf04ec800, 0x000001abf0d37800,
0x000001abf0d38800, 0x000001abf0d3e800, 0x000001abf0d40000, 0x000001abf0d44000,
0x000001abf0d4f000, 0x000001abf0ebf800, 0x000001abf249f800, 0x000001abf10e9000,
0x000001abf2ce5800, 0x000001abf3211000, 0x000001abf27b5800, 0x000001abf321a000,
0x000001abf25cf000, 0x000001abf280d800, 0x000001abf2c1e000, 0x000001abf2c7a000,
0x000001abf3321800, 0x000001abf3326800, 0x000001abf3327000, 0x000001abf34b1000,
0x000001abf3322800, 0x000001abf3324800, 0x000001abf3328000, 0x000001abf3324000,
0x000001abf3325800, 0x000001abf3323000, 0x000001abf55eb800, 0x000001abf55ec000,
0x000001abf55ea800, 0x000001abf55e7000, 0x000001abf55e9800, 0x000001abf55ed800,
0x000001abf55e8000
}

Java Threads: ( => current thread )
  0x000001abd616d000 JavaThread "main" [_thread_blocked, id=6060, stack(0x000000429d300000,0x000000429d400000)]
  0x000001abf04e4800 JavaThread "Reference Handler" daemon [_thread_blocked, id=6584, stack(0x000000429da00000,0x000000429db00000)]
  0x000001abf04ec800 JavaThread "Finalizer" daemon [_thread_blocked, id=4444, stack(0x000000429db00000,0x000000429dc00000)]
  0x000001abf0d37800 JavaThread "Signal Dispatcher" daemon [_thread_blocked, id=7664, stack(0x000000429dc00000,0x000000429dd00000)]
  0x000001abf0d38800 JavaThread "Attach Listener" daemon [_thread_blocked, id=9464, stack(0x000000429dd00000,0x000000429de00000)]
  0x000001abf0d3e800 JavaThread "Service Thread" daemon [_thread_blocked, id=1640, stack(0x000000429de00000,0x000000429df00000)]
=>0x000001abf0d40000 JavaThread "C2 CompilerThread0" daemon [_thread_in_native, id=9984, stack(0x000000429df00000,0x000000429e000000)]
  0x000001abf0d44000 JavaThread "C1 CompilerThread0" daemon [_thread_blocked, id=5844, stack(0x000000429e000000,0x000000429e100000)]
  0x000001abf0d4f000 JavaThread "Sweeper thread" daemon [_thread_blocked, id=10720, stack(0x000000429e100000,0x000000429e200000)]
  0x000001abf0ebf800 JavaThread "Common-Cleaner" daemon [_thread_blocked, id=9304, stack(0x000000429e200000,0x000000429e300000)]
  0x000001abf249f800 JavaThread "Daemon health stats" [_thread_blocked, id=7272, stack(0x000000429e800000,0x000000429e900000)]
  0x000001abf10e9000 JavaThread "Incoming local TCP Connector on port 53066" [_thread_in_native, id=8044, stack(0x000000429e400000,0x000000429e500000)]
  0x000001abf2ce5800 JavaThread "Daemon periodic checks" [_thread_blocked, id=9320, stack(0x000000429e900000,0x000000429ea00000)]
  0x000001abf3211000 JavaThread "Daemon" [_thread_blocked, id=1160, stack(0x000000429ea00000,0x000000429eb00000)]
  0x000001abf27b5800 JavaThread "Handler for socket connection from /127.0.0.1:53066 to /127.0.0.1:53067" [_thread_in_native, id=11052, stack(0x000000429eb00000,0x000000429ec00000)]
  0x000001abf321a000 JavaThread "Cancel handler" [_thread_blocked, id=3768, stack(0x000000429ec00000,0x000000429ed00000)]
  0x000001abf25cf000 JavaThread "Daemon worker" [_thread_in_Java, id=2556, stack(0x000000429ed00000,0x000000429ee00000)]
  0x000001abf280d800 JavaThread "Asynchronous log dispatcher for DefaultDaemonConnection: socket connection from /127.0.0.1:53066 to /127.0.0.1:53067" [_thread_blocked, id=5148, stack(0x000000429ee00000,0x000000429ef00000)]
  0x000001abf2c1e000 JavaThread "Stdin handler" [_thread_blocked, id=2456, stack(0x000000429ef00000,0x000000429f000000)]
  0x000001abf2c7a000 JavaThread "Daemon client event forwarder" [_thread_blocked, id=232, stack(0x000000429f000000,0x000000429f100000)]
  0x000001abf3321800 JavaThread "Cache worker for journal cache (C:\Users\Administrator\.gradle\caches\journal-1)" [_thread_blocked, id=7528, stack(0x000000429f100000,0x000000429f200000)]
  0x000001abf3326800 JavaThread "File lock request listener" [_thread_in_native, id=1496, stack(0x000000429f200000,0x000000429f300000)]
  0x000001abf3327000 JavaThread "Cache worker for file hash cache (C:\Users\Administrator\.gradle\caches\7.4\fileHashes)" [_thread_blocked, id=4268, stack(0x000000429f300000,0x000000429f400000)]
  0x000001abf34b1000 JavaThread "C2 CompilerThread1" daemon [_thread_in_native, id=6036, stack(0x000000429f400000,0x000000429f500000)]
  0x000001abf3322800 JavaThread "File watcher server" daemon [_thread_in_native, id=8728, stack(0x000000429f500000,0x000000429f600000)]
  0x000001abf3324800 JavaThread "File watcher consumer" daemon [_thread_blocked, id=7744, stack(0x000000429f600000,0x000000429f700000)]
  0x000001abf3328000 JavaThread "Cache worker for checksums cache (P:\MapView\.gradle\7.4\checksums)" [_thread_blocked, id=8904, stack(0x000000429f700000,0x000000429f800000)]
  0x000001abf3324000 JavaThread "Cache worker for cache directory md-rule (C:\Users\Administrator\.gradle\caches\7.4\md-rule)" [_thread_blocked, id=8132, stack(0x000000429f800000,0x000000429f900000)]
  0x000001abf3325800 JavaThread "Cache worker for file hash cache (P:\MapView\.gradle\7.4\fileHashes)" [_thread_blocked, id=5496, stack(0x000000429f900000,0x000000429fa00000)]
  0x000001abf3323000 JavaThread "Cache worker for cache directory md-supplier (C:\Users\Administrator\.gradle\caches\7.4\md-supplier)" [_thread_blocked, id=6716, stack(0x000000429fa00000,0x000000429fb00000)]
  0x000001abf55eb800 JavaThread "Cache worker for execution history cache (C:\Users\Administrator\.gradle\caches\7.4\executionHistory)" [_thread_blocked, id=6328, stack(0x000000429fb00000,0x000000429fc00000)]
  0x000001abf55ec000 JavaThread "jar transforms" [_thread_blocked, id=2224, stack(0x000000429fc00000,0x000000429fd00000)]
  0x000001abf55ea800 JavaThread "Cache worker for file content cache (C:\Users\Administrator\.gradle\caches\7.4\fileContent)" [_thread_blocked, id=10892, stack(0x000000429fd00000,0x000000429fe00000)]
  0x000001abf55e7000 JavaThread "jar transforms Thread 2" [_thread_blocked, id=4144, stack(0x000000429fe00000,0x000000429ff00000)]
  0x000001abf55e9800 JavaThread "Cache worker for dependencies-accessors (P:\MapView\.gradle\7.4\dependencies-accessors)" [_thread_blocked, id=1772, stack(0x000000429ff00000,0x00000042a0000000)]
  0x000001abf55ed800 JavaThread "jar transforms Thread 3" [_thread_blocked, id=9588, stack(0x00000042a0000000,0x00000042a0100000)]
  0x000001abf55e8000 JavaThread "Cache worker for Build Output Cleanup Cache (P:\MapView\.gradle\buildOutputCleanup)" [_thread_blocked, id=8812, stack(0x00000042a0100000,0x00000042a0200000)]

Other Threads:
  0x000001abf04ce800 VMThread "VM Thread" [stack: 0x000000429d900000,0x000000429da00000] [id=964]
  0x000001abf0eef800 WatcherThread [stack: 0x000000429e300000,0x000000429e400000] [id=4216]
  0x000001abd6186000 GCTaskThread "GC Thread#0" [stack: 0x000000429d400000,0x000000429d500000] [id=4784]
  0x000001abf1a24000 GCTaskThread "GC Thread#1" [stack: 0x000000429e500000,0x000000429e600000] [id=5576]
  0x000001abf18fe800 GCTaskThread "GC Thread#2" [stack: 0x000000429e600000,0x000000429e700000] [id=6160]
  0x000001abf18ff000 GCTaskThread "GC Thread#3" [stack: 0x000000429e700000,0x000000429e800000] [id=1404]
  0x000001abd61b7800 ConcurrentGCThread "G1 Main Marker" [stack: 0x000000429d500000,0x000000429d600000] [id=5948]
  0x000001abd61b8800 ConcurrentGCThread "G1 Conc#0" [stack: 0x000000429d600000,0x000000429d700000] [id=6168]
  0x000001abd624e000 ConcurrentGCThread "G1 Refine#0" [stack: 0x000000429d700000,0x000000429d800000] [id=2872]
  0x000001abf0320800 ConcurrentGCThread "G1 Young RemSet Sampling" [stack: 0x000000429d800000,0x000000429d900000] [id=2520]

Threads with active compile tasks:
C2 CompilerThread0   7291 4296       4       java.io.WinNTFileSystem::normalize (143 bytes)
C2 CompilerThread1   7291 3874       4       java.lang.invoke.MethodType::makeImpl (108 bytes)

VM state:not at safepoint (normal execution)

VM Mutex/Monitor currently owned by a thread: None

Heap address: 0x0000000080000000, size: 2048 MB, Compressed Oops mode: 32-bit
Narrow klass base: 0x0000000000000000, Narrow klass shift: 3
Compressed class space size: 1073741824 Address: 0x0000000100000000

Heap:
 garbage-first heap   total 196608K, used 77007K [0x0000000080000000, 0x0000000100000000)
  region size 1024K, 61 young (62464K), 14 survivors (14336K)
 Metaspace       used 48018K, capacity 49209K, committed 49532K, reserved 1091584K
  class space    used 6068K, capacity 6508K, committed 6604K, reserved 1048576K
Heap Regions: E=young(eden), S=young(survivor), O=old, HS=humongous(starts), HC=humongous(continues), CS=collection set, F=free, A=archive, TAMS=top-at-mark-start (previous, next)
|   0|0x0000000080000000, 0x0000000080100000, 0x0000000080100000|100%|HS|  |TAMS 0x0000000080100000, 0x0000000080000000| Complete 
|   1|0x0000000080100000, 0x0000000080200000, 0x0000000080200000|100%|HC|  |TAMS 0x0000000080200000, 0x0000000080100000| Complete 
|   2|0x0000000080200000, 0x0000000080300000, 0x0000000080300000|100%|HC|  |TAMS 0x0000000080300000, 0x0000000080200000| Complete 
|   3|0x0000000080300000, 0x0000000080400000, 0x0000000080400000|100%| O|  |TAMS 0x0000000080400000, 0x0000000080300000| Untracked 
|   4|0x0000000080400000, 0x0000000080500000, 0x0000000080500000|100%| O|  |TAMS 0x0000000080500000, 0x0000000080400000| Untracked 
|   5|0x0000000080500000, 0x0000000080600000, 0x0000000080600000|100%| O|  |TAMS 0x0000000080600000, 0x0000000080500000| Untracked 
|   6|0x0000000080600000, 0x0000000080700000, 0x0000000080700000|100%| O|  |TAMS 0x0000000080700000, 0x0000000080600000| Untracked 
|   7|0x0000000080700000, 0x0000000080800000, 0x0000000080800000|100%| O|  |TAMS 0x0000000080800000, 0x0000000080700000| Untracked 
|   8|0x0000000080800000, 0x0000000080900000, 0x0000000080900000|100%| O|  |TAMS 0x0000000080900000, 0x0000000080800000| Untracked 
|   9|0x0000000080900000, 0x0000000080a00000, 0x0000000080a00000|100%| O|  |TAMS 0x0000000080a00000, 0x0000000080900000| Untracked 
|  10|0x0000000080a00000, 0x0000000080b00000, 0x0000000080b00000|100%| O|  |TAMS 0x0000000080b00000, 0x0000000080a00000| Untracked 
|  11|0x0000000080b00000, 0x0000000080c00000, 0x0000000080c00000|100%| O|  |TAMS 0x0000000080c00000, 0x0000000080b00000| Untracked 
|  12|0x0000000080c00000, 0x0000000080d00000, 0x0000000080d00000|100%| O|  |TAMS 0x0000000080d00000, 0x0000000080c00000| Untracked 
|  13|0x0000000080d00000, 0x0000000080e00000, 0x0000000080e00000|100%| O|  |TAMS 0x0000000080e00000, 0x0000000080d00000| Untracked 
|  14|0x0000000080e00000, 0x0000000080f00000, 0x0000000080f00000|100%| O|  |TAMS 0x0000000080f00000, 0x0000000080e00000| Untracked 
|  15|0x0000000080f00000, 0x0000000080fbe200, 0x0000000081000000| 74%| O|  |TAMS 0x0000000080fbe200, 0x0000000080f00000| Untracked 
|  16|0x0000000081000000, 0x0000000081000000, 0x0000000081100000|  0%| F|  |TAMS 0x0000000081000000, 0x0000000081000000| Untracked 
|  17|0x0000000081100000, 0x0000000081100000, 0x0000000081200000|  0%| F|  |TAMS 0x0000000081100000, 0x0000000081100000| Untracked 
|  18|0x0000000081200000, 0x0000000081200000, 0x0000000081300000|  0%| F|  |TAMS 0x0000000081200000, 0x0000000081200000| Untracked 
|  19|0x0000000081300000, 0x0000000081300000, 0x0000000081400000|  0%| F|  |TAMS 0x0000000081300000, 0x0000000081300000| Untracked 
|  20|0x0000000081400000, 0x0000000081400000, 0x0000000081500000|  0%| F|  |TAMS 0x0000000081400000, 0x0000000081400000| Untracked 
|  21|0x0000000081500000, 0x0000000081500000, 0x0000000081600000|  0%| F|  |TAMS 0x0000000081500000, 0x0000000081500000| Untracked 
|  22|0x0000000081600000, 0x0000000081600000, 0x0000000081700000|  0%| F|  |TAMS 0x0000000081600000, 0x0000000081600000| Untracked 
|  23|0x0000000081700000, 0x0000000081700000, 0x0000000081800000|  0%| F|  |TAMS 0x0000000081700000, 0x0000000081700000| Untracked 
|  24|0x0000000081800000, 0x0000000081800000, 0x0000000081900000|  0%| F|  |TAMS 0x0000000081800000, 0x0000000081800000| Untracked 
|  25|0x0000000081900000, 0x0000000081900000, 0x0000000081a00000|  0%| F|  |TAMS 0x0000000081900000, 0x0000000081900000| Untracked 
|  26|0x0000000081a00000, 0x0000000081a00000, 0x0000000081b00000|  0%| F|  |TAMS 0x0000000081a00000, 0x0000000081a00000| Untracked 
|  27|0x0000000081b00000, 0x0000000081b00000, 0x0000000081c00000|  0%| F|  |TAMS 0x0000000081b00000, 0x0000000081b00000| Untracked 
|  28|0x0000000081c00000, 0x0000000081c00000, 0x0000000081d00000|  0%| F|  |TAMS 0x0000000081c00000, 0x0000000081c00000| Untracked 
|  29|0x0000000081d00000, 0x0000000081d00000, 0x0000000081e00000|  0%| F|  |TAMS 0x0000000081d00000, 0x0000000081d00000| Untracked 
|  30|0x0000000081e00000, 0x0000000081e00000, 0x0000000081f00000|  0%| F|  |TAMS 0x0000000081e00000, 0x0000000081e00000| Untracked 
|  31|0x0000000081f00000, 0x0000000081f00000, 0x0000000082000000|  0%| F|  |TAMS 0x0000000081f00000, 0x0000000081f00000| Untracked 
|  32|0x0000000082000000, 0x0000000082000000, 0x0000000082100000|  0%| F|  |TAMS 0x0000000082000000, 0x0000000082000000| Untracked 
|  33|0x0000000082100000, 0x0000000082100000, 0x0000000082200000|  0%| F|  |TAMS 0x0000000082100000, 0x0000000082100000| Untracked 
|  34|0x0000000082200000, 0x0000000082200000, 0x0000000082300000|  0%| F|  |TAMS 0x0000000082200000, 0x0000000082200000| Untracked 
|  35|0x0000000082300000, 0x0000000082300000, 0x0000000082400000|  0%| F|  |TAMS 0x0000000082300000, 0x0000000082300000| Untracked 
|  36|0x0000000082400000, 0x0000000082400000, 0x0000000082500000|  0%| F|  |TAMS 0x0000000082400000, 0x0000000082400000| Untracked 
|  37|0x0000000082500000, 0x0000000082500000, 0x0000000082600000|  0%| F|  |TAMS 0x0000000082500000, 0x0000000082500000| Untracked 
|  38|0x0000000082600000, 0x0000000082600000, 0x0000000082700000|  0%| F|  |TAMS 0x0000000082600000, 0x0000000082600000| Untracked 
|  39|0x0000000082700000, 0x0000000082700000, 0x0000000082800000|  0%| F|  |TAMS 0x0000000082700000, 0x0000000082700000| Untracked 
|  40|0x0000000082800000, 0x0000000082800000, 0x0000000082900000|  0%| F|  |TAMS 0x0000000082800000, 0x0000000082800000| Untracked 
|  41|0x0000000082900000, 0x0000000082900000, 0x0000000082a00000|  0%| F|  |TAMS 0x0000000082900000, 0x0000000082900000| Untracked 
|  42|0x0000000082a00000, 0x0000000082a00000, 0x0000000082b00000|  0%| F|  |TAMS 0x0000000082a00000, 0x0000000082a00000| Untracked 
|  43|0x0000000082b00000, 0x0000000082b00000, 0x0000000082c00000|  0%| F|  |TAMS 0x0000000082b00000, 0x0000000082b00000| Untracked 
|  44|0x0000000082c00000, 0x0000000082c00000, 0x0000000082d00000|  0%| F|  |TAMS 0x0000000082c00000, 0x0000000082c00000| Untracked 
|  45|0x0000000082d00000, 0x0000000082d00000, 0x0000000082e00000|  0%| F|  |TAMS 0x0000000082d00000, 0x0000000082d00000| Untracked 
|  46|0x0000000082e00000, 0x0000000082e00000, 0x0000000082f00000|  0%| F|  |TAMS 0x0000000082e00000, 0x0000000082e00000| Untracked 
|  47|0x0000000082f00000, 0x0000000082f00000, 0x0000000083000000|  0%| F|  |TAMS 0x0000000082f00000, 0x0000000082f00000| Untracked 
|  48|0x0000000083000000, 0x0000000083000000, 0x0000000083100000|  0%| F|  |TAMS 0x0000000083000000, 0x0000000083000000| Untracked 
|  49|0x0000000083100000, 0x0000000083100000, 0x0000000083200000|  0%| F|  |TAMS 0x0000000083100000, 0x0000000083100000| Untracked 
|  50|0x0000000083200000, 0x0000000083200000, 0x0000000083300000|  0%| F|  |TAMS 0x0000000083200000, 0x0000000083200000| Untracked 
|  51|0x0000000083300000, 0x0000000083300000, 0x0000000083400000|  0%| F|  |TAMS 0x0000000083300000, 0x0000000083300000| Untracked 
|  52|0x0000000083400000, 0x0000000083400000, 0x0000000083500000|  0%| F|  |TAMS 0x0000000083400000, 0x0000000083400000| Untracked 
|  53|0x0000000083500000, 0x0000000083500000, 0x0000000083600000|  0%| F|  |TAMS 0x0000000083500000, 0x0000000083500000| Untracked 
|  54|0x0000000083600000, 0x0000000083600000, 0x0000000083700000|  0%| F|  |TAMS 0x0000000083600000, 0x0000000083600000| Untracked 
|  55|0x0000000083700000, 0x0000000083700000, 0x0000000083800000|  0%| F|  |TAMS 0x0000000083700000, 0x0000000083700000| Untracked 
|  56|0x0000000083800000, 0x0000000083800000, 0x0000000083900000|  0%| F|  |TAMS 0x0000000083800000, 0x0000000083800000| Untracked 
|  57|0x0000000083900000, 0x0000000083900000, 0x0000000083a00000|  0%| F|  |TAMS 0x0000000083900000, 0x0000000083900000| Untracked 
|  58|0x0000000083a00000, 0x0000000083a00000, 0x0000000083b00000|  0%| F|  |TAMS 0x0000000083a00000, 0x0000000083a00000| Untracked 
|  59|0x0000000083b00000, 0x0000000083b00000, 0x0000000083c00000|  0%| F|  |TAMS 0x0000000083b00000, 0x0000000083b00000| Untracked 
|  60|0x0000000083c00000, 0x0000000083c00000, 0x0000000083d00000|  0%| F|  |TAMS 0x0000000083c00000, 0x0000000083c00000| Untracked 
|  61|0x0000000083d00000, 0x0000000083d00000, 0x0000000083e00000|  0%| F|  |TAMS 0x0000000083d00000, 0x0000000083d00000| Untracked 
|  62|0x0000000083e00000, 0x0000000083e00000, 0x0000000083f00000|  0%| F|  |TAMS 0x0000000083e00000, 0x0000000083e00000| Untracked 
|  63|0x0000000083f00000, 0x0000000083f75d58, 0x0000000084000000| 46%| S|CS|TAMS 0x0000000083f00000, 0x0000000083f00000| Complete 
|  64|0x0000000084000000, 0x0000000084100000, 0x0000000084100000|100%| S|CS|TAMS 0x0000000084000000, 0x0000000084000000| Complete 
|  65|0x0000000084100000, 0x0000000084200000, 0x0000000084200000|100%| S|CS|TAMS 0x0000000084100000, 0x0000000084100000| Complete 
|  66|0x0000000084200000, 0x0000000084300000, 0x0000000084300000|100%| S|CS|TAMS 0x0000000084200000, 0x0000000084200000| Complete 
|  67|0x0000000084300000, 0x0000000084400000, 0x0000000084400000|100%| S|CS|TAMS 0x0000000084300000, 0x0000000084300000| Complete 
|  68|0x0000000084400000, 0x0000000084500000, 0x0000000084500000|100%| S|CS|TAMS 0x0000000084400000, 0x0000000084400000| Complete 
|  69|0x0000000084500000, 0x0000000084600000, 0x0000000084600000|100%| S|CS|TAMS 0x0000000084500000, 0x0000000084500000| Complete 
|  70|0x0000000084600000, 0x0000000084700000, 0x0000000084700000|100%| S|CS|TAMS 0x0000000084600000, 0x0000000084600000| Complete 
|  71|0x0000000084700000, 0x0000000084800000, 0x0000000084800000|100%| S|CS|TAMS 0x0000000084700000, 0x0000000084700000| Complete 
|  72|0x0000000084800000, 0x0000000084900000, 0x0000000084900000|100%| S|CS|TAMS 0x0000000084800000, 0x0000000084800000| Complete 
|  73|0x0000000084900000, 0x0000000084a00000, 0x0000000084a00000|100%| S|CS|TAMS 0x0000000084900000, 0x0000000084900000| Complete 
|  74|0x0000000084a00000, 0x0000000084b00000, 0x0000000084b00000|100%| S|CS|TAMS 0x0000000084a00000, 0x0000000084a00000| Complete 
|  75|0x0000000084b00000, 0x0000000084c00000, 0x0000000084c00000|100%| S|CS|TAMS 0x0000000084b00000, 0x0000000084b00000| Complete 
|  76|0x0000000084c00000, 0x0000000084d00000, 0x0000000084d00000|100%| S|CS|TAMS 0x0000000084c00000, 0x0000000084c00000| Complete 
|  77|0x0000000084d00000, 0x0000000084d00000, 0x0000000084e00000|  0%| F|  |TAMS 0x0000000084d00000, 0x0000000084d00000| Untracked 
|  78|0x0000000084e00000, 0x0000000084e00000, 0x0000000084f00000|  0%| F|  |TAMS 0x0000000084e00000, 0x0000000084e00000| Untracked 
|  79|0x0000000084f00000, 0x0000000084f00000, 0x0000000085000000|  0%| F|  |TAMS 0x0000000084f00000, 0x0000000084f00000| Untracked 
|  80|0x0000000085000000, 0x0000000085000000, 0x0000000085100000|  0%| F|  |TAMS 0x0000000085000000, 0x0000000085000000| Untracked 
|  81|0x0000000085100000, 0x0000000085100000, 0x0000000085200000|  0%| F|  |TAMS 0x0000000085100000, 0x0000000085100000| Untracked 
|  82|0x0000000085200000, 0x0000000085200000, 0x0000000085300000|  0%| F|  |TAMS 0x0000000085200000, 0x0000000085200000| Untracked 
|  83|0x0000000085300000, 0x0000000085300000, 0x0000000085400000|  0%| F|  |TAMS 0x0000000085300000, 0x0000000085300000| Untracked 
|  84|0x0000000085400000, 0x0000000085400000, 0x0000000085500000|  0%| F|  |TAMS 0x0000000085400000, 0x0000000085400000| Untracked 
|  85|0x0000000085500000, 0x0000000085500000, 0x0000000085600000|  0%| F|  |TAMS 0x0000000085500000, 0x0000000085500000| Untracked 
|  86|0x0000000085600000, 0x0000000085600000, 0x0000000085700000|  0%| F|  |TAMS 0x0000000085600000, 0x0000000085600000| Untracked 
|  87|0x0000000085700000, 0x0000000085700000, 0x0000000085800000|  0%| F|  |TAMS 0x0000000085700000, 0x0000000085700000| Untracked 
|  88|0x0000000085800000, 0x0000000085800000, 0x0000000085900000|  0%| F|  |TAMS 0x0000000085800000, 0x0000000085800000| Untracked 
|  89|0x0000000085900000, 0x0000000085900000, 0x0000000085a00000|  0%| F|  |TAMS 0x0000000085900000, 0x0000000085900000| Untracked 
|  90|0x0000000085a00000, 0x0000000085a00000, 0x0000000085b00000|  0%| F|  |TAMS 0x0000000085a00000, 0x0000000085a00000| Untracked 
|  91|0x0000000085b00000, 0x0000000085b00000, 0x0000000085c00000|  0%| F|  |TAMS 0x0000000085b00000, 0x0000000085b00000| Untracked 
|  92|0x0000000085c00000, 0x0000000085c00000, 0x0000000085d00000|  0%| F|  |TAMS 0x0000000085c00000, 0x0000000085c00000| Untracked 
|  93|0x0000000085d00000, 0x0000000085d00000, 0x0000000085e00000|  0%| F|  |TAMS 0x0000000085d00000, 0x0000000085d00000| Untracked 
|  94|0x0000000085e00000, 0x0000000085e00000, 0x0000000085f00000|  0%| F|  |TAMS 0x0000000085e00000, 0x0000000085e00000| Untracked 
|  95|0x0000000085f00000, 0x0000000085f00000, 0x0000000086000000|  0%| F|  |TAMS 0x0000000085f00000, 0x0000000085f00000| Untracked 
|  96|0x0000000086000000, 0x0000000086000000, 0x0000000086100000|  0%| F|  |TAMS 0x0000000086000000, 0x0000000086000000| Untracked 
|  97|0x0000000086100000, 0x0000000086100000, 0x0000000086200000|  0%| F|  |TAMS 0x0000000086100000, 0x0000000086100000| Untracked 
|  98|0x0000000086200000, 0x0000000086200000, 0x0000000086300000|  0%| F|  |TAMS 0x0000000086200000, 0x0000000086200000| Untracked 
|  99|0x0000000086300000, 0x0000000086300000, 0x0000000086400000|  0%| F|  |TAMS 0x0000000086300000, 0x0000000086300000| Untracked 
| 100|0x0000000086400000, 0x0000000086400000, 0x0000000086500000|  0%| F|  |TAMS 0x0000000086400000, 0x0000000086400000| Untracked 
| 101|0x0000000086500000, 0x0000000086500000, 0x0000000086600000|  0%| F|  |TAMS 0x0000000086500000, 0x0000000086500000| Untracked 
| 102|0x0000000086600000, 0x0000000086600000, 0x0000000086700000|  0%| F|  |TAMS 0x0000000086600000, 0x0000000086600000| Untracked 
| 103|0x0000000086700000, 0x0000000086700000, 0x0000000086800000|  0%| F|  |TAMS 0x0000000086700000, 0x0000000086700000| Untracked 
| 104|0x0000000086800000, 0x0000000086800000, 0x0000000086900000|  0%| F|  |TAMS 0x0000000086800000, 0x0000000086800000| Untracked 
| 105|0x0000000086900000, 0x0000000086900000, 0x0000000086a00000|  0%| F|  |TAMS 0x0000000086900000, 0x0000000086900000| Untracked 
| 106|0x0000000086a00000, 0x0000000086a00000, 0x0000000086b00000|  0%| F|  |TAMS 0x0000000086a00000, 0x0000000086a00000| Untracked 
| 107|0x0000000086b00000, 0x0000000086b00000, 0x0000000086c00000|  0%| F|  |TAMS 0x0000000086b00000, 0x0000000086b00000| Untracked 
| 108|0x0000000086c00000, 0x0000000086c00000, 0x0000000086d00000|  0%| F|  |TAMS 0x0000000086c00000, 0x0000000086c00000| Untracked 
| 109|0x0000000086d00000, 0x0000000086d00000, 0x0000000086e00000|  0%| F|  |TAMS 0x0000000086d00000, 0x0000000086d00000| Untracked 
| 110|0x0000000086e00000, 0x0000000086e00000, 0x0000000086f00000|  0%| F|  |TAMS 0x0000000086e00000, 0x0000000086e00000| Untracked 
| 111|0x0000000086f00000, 0x0000000086f00000, 0x0000000087000000|  0%| F|  |TAMS 0x0000000086f00000, 0x0000000086f00000| Untracked 
| 112|0x0000000087000000, 0x0000000087000000, 0x0000000087100000|  0%| F|  |TAMS 0x0000000087000000, 0x0000000087000000| Untracked 
| 113|0x0000000087100000, 0x0000000087100000, 0x0000000087200000|  0%| F|  |TAMS 0x0000000087100000, 0x0000000087100000| Untracked 
| 114|0x0000000087200000, 0x0000000087200000, 0x0000000087300000|  0%| F|  |TAMS 0x0000000087200000, 0x0000000087200000| Untracked 
| 115|0x0000000087300000, 0x0000000087300000, 0x0000000087400000|  0%| F|  |TAMS 0x0000000087300000, 0x0000000087300000| Untracked 
| 116|0x0000000087400000, 0x0000000087400000, 0x0000000087500000|  0%| F|  |TAMS 0x0000000087400000, 0x0000000087400000| Untracked 
| 117|0x0000000087500000, 0x0000000087500000, 0x0000000087600000|  0%| F|  |TAMS 0x0000000087500000, 0x0000000087500000| Untracked 
| 118|0x0000000087600000, 0x0000000087600000, 0x0000000087700000|  0%| F|  |TAMS 0x0000000087600000, 0x0000000087600000| Untracked 
| 119|0x0000000087700000, 0x0000000087700000, 0x0000000087800000|  0%| F|  |TAMS 0x0000000087700000, 0x0000000087700000| Untracked 
| 120|0x0000000087800000, 0x0000000087800000, 0x0000000087900000|  0%| F|  |TAMS 0x0000000087800000, 0x0000000087800000| Untracked 
| 121|0x0000000087900000, 0x0000000087900000, 0x0000000087a00000|  0%| F|  |TAMS 0x0000000087900000, 0x0000000087900000| Untracked 
| 122|0x0000000087a00000, 0x0000000087a00000, 0x0000000087b00000|  0%| F|  |TAMS 0x0000000087a00000, 0x0000000087a00000| Untracked 
| 123|0x0000000087b00000, 0x0000000087b00000, 0x0000000087c00000|  0%| F|  |TAMS 0x0000000087b00000, 0x0000000087b00000| Untracked 
| 124|0x0000000087c00000, 0x0000000087c00000, 0x0000000087d00000|  0%| F|  |TAMS 0x0000000087c00000, 0x0000000087c00000| Untracked 
| 125|0x0000000087d00000, 0x0000000087d00000, 0x0000000087e00000|  0%| F|  |TAMS 0x0000000087d00000, 0x0000000087d00000| Untracked 
| 126|0x0000000087e00000, 0x0000000087e00000, 0x0000000087f00000|  0%| F|  |TAMS 0x0000000087e00000, 0x0000000087e00000| Untracked 
| 127|0x0000000087f00000, 0x0000000087f00000, 0x0000000088000000|  0%| F|  |TAMS 0x0000000087f00000, 0x0000000087f00000| Untracked 
| 128|0x0000000088000000, 0x0000000088000000, 0x0000000088100000|  0%| F|  |TAMS 0x0000000088000000, 0x0000000088000000| Untracked 
| 129|0x0000000088100000, 0x0000000088100000, 0x0000000088200000|  0%| F|  |TAMS 0x0000000088100000, 0x0000000088100000| Untracked 
| 130|0x0000000088200000, 0x0000000088200000, 0x0000000088300000|  0%| F|  |TAMS 0x0000000088200000, 0x0000000088200000| Untracked 
| 131|0x0000000088300000, 0x0000000088300000, 0x0000000088400000|  0%| F|  |TAMS 0x0000000088300000, 0x0000000088300000| Untracked 
| 132|0x0000000088400000, 0x0000000088400000, 0x0000000088500000|  0%| F|  |TAMS 0x0000000088400000, 0x0000000088400000| Untracked 
| 133|0x0000000088500000, 0x0000000088500000, 0x0000000088600000|  0%| F|  |TAMS 0x0000000088500000, 0x0000000088500000| Untracked 
| 134|0x0000000088600000, 0x0000000088600000, 0x0000000088700000|  0%| F|  |TAMS 0x0000000088600000, 0x0000000088600000| Untracked 
| 135|0x0000000088700000, 0x0000000088700000, 0x0000000088800000|  0%| F|  |TAMS 0x0000000088700000, 0x0000000088700000| Untracked 
| 136|0x0000000088800000, 0x0000000088800000, 0x0000000088900000|  0%| F|  |TAMS 0x0000000088800000, 0x0000000088800000| Untracked 
| 137|0x0000000088900000, 0x0000000088900000, 0x0000000088a00000|  0%| F|  |TAMS 0x0000000088900000, 0x0000000088900000| Untracked 
| 138|0x0000000088a00000, 0x0000000088a00000, 0x0000000088b00000|  0%| F|  |TAMS 0x0000000088a00000, 0x0000000088a00000| Untracked 
| 139|0x0000000088b00000, 0x0000000088b00000, 0x0000000088c00000|  0%| F|  |TAMS 0x0000000088b00000, 0x0000000088b00000| Untracked 
| 140|0x0000000088c00000, 0x0000000088c00000, 0x0000000088d00000|  0%| F|  |TAMS 0x0000000088c00000, 0x0000000088c00000| Untracked 
| 141|0x0000000088d00000, 0x0000000088d00000, 0x0000000088e00000|  0%| F|  |TAMS 0x0000000088d00000, 0x0000000088d00000| Untracked 
| 142|0x0000000088e00000, 0x0000000088e00000, 0x0000000088f00000|  0%| F|  |TAMS 0x0000000088e00000, 0x0000000088e00000| Untracked 
| 143|0x0000000088f00000, 0x0000000088f00000, 0x0000000089000000|  0%| F|  |TAMS 0x0000000088f00000, 0x0000000088f00000| Untracked 
| 144|0x0000000089000000, 0x0000000089080800, 0x0000000089100000| 50%| E|  |TAMS 0x0000000089000000, 0x0000000089000000| Complete 
| 145|0x0000000089100000, 0x0000000089200000, 0x0000000089200000|100%| E|CS|TAMS 0x0000000089100000, 0x0000000089100000| Complete 
| 146|0x0000000089200000, 0x0000000089300000, 0x0000000089300000|100%| E|CS|TAMS 0x0000000089200000, 0x0000000089200000| Complete 
| 147|0x0000000089300000, 0x0000000089400000, 0x0000000089400000|100%| E|CS|TAMS 0x0000000089300000, 0x0000000089300000| Complete 
| 148|0x0000000089400000, 0x0000000089500000, 0x0000000089500000|100%| E|CS|TAMS 0x0000000089400000, 0x0000000089400000| Complete 
| 149|0x0000000089500000, 0x0000000089600000, 0x0000000089600000|100%| E|CS|TAMS 0x0000000089500000, 0x0000000089500000| Complete 
| 150|0x0000000089600000, 0x0000000089700000, 0x0000000089700000|100%| E|CS|TAMS 0x0000000089600000, 0x0000000089600000| Complete 
| 151|0x0000000089700000, 0x0000000089800000, 0x0000000089800000|100%| E|CS|TAMS 0x0000000089700000, 0x0000000089700000| Complete 
| 152|0x0000000089800000, 0x0000000089900000, 0x0000000089900000|100%| E|CS|TAMS 0x0000000089800000, 0x0000000089800000| Complete 
| 153|0x0000000089900000, 0x0000000089a00000, 0x0000000089a00000|100%| E|CS|TAMS 0x0000000089900000, 0x0000000089900000| Complete 
| 154|0x0000000089a00000, 0x0000000089b00000, 0x0000000089b00000|100%| E|CS|TAMS 0x0000000089a00000, 0x0000000089a00000| Complete 
| 155|0x0000000089b00000, 0x0000000089c00000, 0x0000000089c00000|100%| E|CS|TAMS 0x0000000089b00000, 0x0000000089b00000| Complete 
| 156|0x0000000089c00000, 0x0000000089d00000, 0x0000000089d00000|100%| E|CS|TAMS 0x0000000089c00000, 0x0000000089c00000| Complete 
| 157|0x0000000089d00000, 0x0000000089e00000, 0x0000000089e00000|100%| E|CS|TAMS 0x0000000089d00000, 0x0000000089d00000| Complete 
| 158|0x0000000089e00000, 0x0000000089f00000, 0x0000000089f00000|100%| E|CS|TAMS 0x0000000089e00000, 0x0000000089e00000| Complete 
| 159|0x0000000089f00000, 0x000000008a000000, 0x000000008a000000|100%| E|CS|TAMS 0x0000000089f00000, 0x0000000089f00000| Complete 
| 160|0x000000008a000000, 0x000000008a100000, 0x000000008a100000|100%| E|CS|TAMS 0x000000008a000000, 0x000000008a000000| Complete 
| 161|0x000000008a100000, 0x000000008a200000, 0x000000008a200000|100%| E|CS|TAMS 0x000000008a100000, 0x000000008a100000| Complete 
| 162|0x000000008a200000, 0x000000008a300000, 0x000000008a300000|100%| E|CS|TAMS 0x000000008a200000, 0x000000008a200000| Complete 
| 163|0x000000008a300000, 0x000000008a400000, 0x000000008a400000|100%| E|CS|TAMS 0x000000008a300000, 0x000000008a300000| Complete 
| 164|0x000000008a400000, 0x000000008a500000, 0x000000008a500000|100%| E|CS|TAMS 0x000000008a400000, 0x000000008a400000| Complete 
| 165|0x000000008a500000, 0x000000008a600000, 0x000000008a600000|100%| E|CS|TAMS 0x000000008a500000, 0x000000008a500000| Complete 
| 166|0x000000008a600000, 0x000000008a700000, 0x000000008a700000|100%| E|CS|TAMS 0x000000008a600000, 0x000000008a600000| Complete 
| 167|0x000000008a700000, 0x000000008a800000, 0x000000008a800000|100%| E|CS|TAMS 0x000000008a700000, 0x000000008a700000| Complete 
| 168|0x000000008a800000, 0x000000008a900000, 0x000000008a900000|100%| E|CS|TAMS 0x000000008a800000, 0x000000008a800000| Complete 
| 169|0x000000008a900000, 0x000000008aa00000, 0x000000008aa00000|100%| E|CS|TAMS 0x000000008a900000, 0x000000008a900000| Complete 
| 170|0x000000008aa00000, 0x000000008ab00000, 0x000000008ab00000|100%| E|CS|TAMS 0x000000008aa00000, 0x000000008aa00000| Complete 
| 171|0x000000008ab00000, 0x000000008ac00000, 0x000000008ac00000|100%| E|CS|TAMS 0x000000008ab00000, 0x000000008ab00000| Complete 
| 172|0x000000008ac00000, 0x000000008ad00000, 0x000000008ad00000|100%| E|CS|TAMS 0x000000008ac00000, 0x000000008ac00000| Complete 
| 173|0x000000008ad00000, 0x000000008ae00000, 0x000000008ae00000|100%| E|CS|TAMS 0x000000008ad00000, 0x000000008ad00000| Complete 
| 174|0x000000008ae00000, 0x000000008af00000, 0x000000008af00000|100%| E|CS|TAMS 0x000000008ae00000, 0x000000008ae00000| Complete 
| 175|0x000000008af00000, 0x000000008b000000, 0x000000008b000000|100%| E|CS|TAMS 0x000000008af00000, 0x000000008af00000| Complete 
| 176|0x000000008b000000, 0x000000008b100000, 0x000000008b100000|100%| E|CS|TAMS 0x000000008b000000, 0x000000008b000000| Complete 
| 177|0x000000008b100000, 0x000000008b200000, 0x000000008b200000|100%| E|CS|TAMS 0x000000008b100000, 0x000000008b100000| Complete 
| 178|0x000000008b200000, 0x000000008b300000, 0x000000008b300000|100%| E|CS|TAMS 0x000000008b200000, 0x000000008b200000| Complete 
| 179|0x000000008b300000, 0x000000008b400000, 0x000000008b400000|100%| E|CS|TAMS 0x000000008b300000, 0x000000008b300000| Complete 
| 180|0x000000008b400000, 0x000000008b500000, 0x000000008b500000|100%| E|CS|TAMS 0x000000008b400000, 0x000000008b400000| Complete 
| 181|0x000000008b500000, 0x000000008b600000, 0x000000008b600000|100%| E|CS|TAMS 0x000000008b500000, 0x000000008b500000| Complete 
| 182|0x000000008b600000, 0x000000008b700000, 0x000000008b700000|100%| E|CS|TAMS 0x000000008b600000, 0x000000008b600000| Complete 
| 183|0x000000008b700000, 0x000000008b800000, 0x000000008b800000|100%| E|CS|TAMS 0x000000008b700000, 0x000000008b700000| Complete 
| 184|0x000000008b800000, 0x000000008b900000, 0x000000008b900000|100%| E|CS|TAMS 0x000000008b800000, 0x000000008b800000| Complete 
| 185|0x000000008b900000, 0x000000008ba00000, 0x000000008ba00000|100%| E|CS|TAMS 0x000000008b900000, 0x000000008b900000| Complete 
| 186|0x000000008ba00000, 0x000000008bb00000, 0x000000008bb00000|100%| E|CS|TAMS 0x000000008ba00000, 0x000000008ba00000| Complete 
| 187|0x000000008bb00000, 0x000000008bc00000, 0x000000008bc00000|100%| E|CS|TAMS 0x000000008bb00000, 0x000000008bb00000| Complete 
| 188|0x000000008bc00000, 0x000000008bd00000, 0x000000008bd00000|100%| E|CS|TAMS 0x000000008bc00000, 0x000000008bc00000| Complete 
| 189|0x000000008bd00000, 0x000000008be00000, 0x000000008be00000|100%| E|CS|TAMS 0x000000008bd00000, 0x000000008bd00000| Complete 
| 190|0x000000008be00000, 0x000000008bf00000, 0x000000008bf00000|100%| E|CS|TAMS 0x000000008be00000, 0x000000008be00000| Complete 
| 191|0x000000008bf00000, 0x000000008c000000, 0x000000008c000000|100%| E|CS|TAMS 0x000000008bf00000, 0x000000008bf00000| Complete 

Card table byte_map: [0x000001abe96b0000,0x000001abe9ab0000] _byte_map_base: 0x000001abe92b0000

Marking Bits (Prev, Next): (CMBitMap*) 0x000001abd61ae948, (CMBitMap*) 0x000001abd61ae980
 Prev Bits: [0x000001abe9eb0000, 0x000001abebeb0000)
 Next Bits: [0x000001abebeb0000, 0x000001abedeb0000)

Polling page: 0x000001abd47b0000

Metaspace:

Usage:
  Non-class:     41.70 MB capacity,    40.99 MB ( 98%) used,   610.32 KB (  1%) free+waste,   123.81 KB ( <1%) overhead. 
      Class:      6.36 MB capacity,     5.93 MB ( 93%) used,   377.90 KB (  6%) free+waste,    59.00 KB ( <1%) overhead. 
       Both:     48.06 MB capacity,    46.92 MB ( 98%) used,   988.22 KB (  2%) free+waste,   182.81 KB ( <1%) overhead. 

Virtual space:
  Non-class space:       42.00 MB reserved,      41.92 MB (>99%) committed 
      Class space:        1.00 GB reserved,       6.45 MB ( <1%) committed 
             Both:        1.04 GB reserved,      48.37 MB (  5%) committed 

Chunk freelists:
   Non-Class:  33.00 KB
       Class:  0 bytes
        Both:  33.00 KB

MaxMetaspaceSize: 17179869184.00 GB
CompressedClassSpaceSize: 1.00 GB
Initial GC threshold: 20.80 MB
Current GC threshold: 59.16 MB
CDS: off

CodeHeap 'non-profiled nmethods': size=120064Kb used=2459Kb max_used=2459Kb free=117604Kb
 bounds [0x000001abe1750000, 0x000001abe19c0000, 0x000001abe8c90000]
CodeHeap 'profiled nmethods': size=120000Kb used=9421Kb max_used=9421Kb free=110578Kb
 bounds [0x000001abda220000, 0x000001abdab60000, 0x000001abe1750000]
CodeHeap 'non-nmethods': size=5696Kb used=2288Kb max_used=2334Kb free=3407Kb
 bounds [0x000001abd9c90000, 0x000001abd9f00000, 0x000001abda220000]
 total_blobs=5356 nmethods=4570 adapters=698
 compilation: enabled
              stopped_count=0, restarted_count=0
 full_count=0

Compilation events (20 events):
Event: 7.259 Thread 0x000001abf0d44000 nmethod 4499 0x000001abdab29a10 code [0x000001abdab29bc0, 0x000001abdab29d88]
Event: 7.259 Thread 0x000001abf0d44000 4500       3       org.gradle.internal.hash.HashCode::toString (17 bytes)
Event: 7.259 Thread 0x000001abf34b1000 nmethod 3860 0x000001abe19a4990 code [0x000001abe19a5100, 0x000001abe19ad7d0]
Event: 7.260 Thread 0x000001abf34b1000 4003       4       com.google.common.collect.RegularImmutableList::size (6 bytes)
Event: 7.260 Thread 0x000001abf0d44000 nmethod 4500 0x000001abdab29e90 code [0x000001abdab2a0a0, 0x000001abdab2a5e8]
Event: 7.260 Thread 0x000001abf0d44000 4501       3       org.gradle.api.internal.artifacts.ivyservice.resolutionstrategy.DefaultCachePolicy::mustRefreshModule (93 bytes)
Event: 7.260 Thread 0x000001abf34b1000 nmethod 4003 0x000001abe19b0e10 code [0x000001abe19b0fa0, 0x000001abe19b1018]
Event: 7.260 Thread 0x000001abf34b1000 4158       4       com.google.common.collect.ImmutableList::of (4 bytes)
Event: 7.260 Thread 0x000001abf34b1000 nmethod 4158 0x000001abe19b1110 code [0x000001abe19b12a0, 0x000001abe19b12f8]
Event: 7.260 Thread 0x000001abf34b1000 4128       4       org.gradle.api.internal.attributes.DefaultImmutableAttributes::asImmutable (2 bytes)
Event: 7.261 Thread 0x000001abf0d44000 nmethod 4501 0x000001abdab2a810 code [0x000001abdab2aa60, 0x000001abdab2b458]
Event: 7.261 Thread 0x000001abf0d44000 4502       3       org.gradle.internal.hash.HashCode::hashCode (76 bytes)
Event: 7.261 Thread 0x000001abf34b1000 nmethod 4128 0x000001abe19b1410 code [0x000001abe19b15a0, 0x000001abe19b15f8]
Event: 7.261 Thread 0x000001abf34b1000 4183       4       java.io.InputStream::<init> (5 bytes)
Event: 7.261 Thread 0x000001abf0d44000 nmethod 4502 0x000001abdab2b810 code [0x000001abdab2b9c0, 0x000001abdab2bbd8]
Event: 7.261 Thread 0x000001abf34b1000 nmethod 4183 0x000001abe19b1710 code [0x000001abe19b18a0, 0x000001abe19b18f8]
Event: 7.261 Thread 0x000001abf34b1000 4353       4       java.util.ArrayDeque::elementAt (4 bytes)
Event: 7.261 Thread 0x000001abf34b1000 nmethod 4353 0x000001abe19b1a10 code [0x000001abe19b1ba0, 0x000001abe19b1c18]
Event: 7.261 Thread 0x000001abf34b1000 4503       4       java.lang.Integer::numberOfLeadingZeros (78 bytes)
Event: 7.261 Thread 0x000001abf0d44000 4504       3       org.gradle.api.internal.artifacts.dependencies.AbstractVersionConstraint::equals (105 bytes)

GC Heap History (16 events):
Event: 0.384 GC heap before
{Heap before GC invocations=0 (full 0):
 garbage-first heap   total 196608K, used 16384K [0x0000000080000000, 0x0000000100000000)
  region size 1024K, 14 young (14336K), 0 survivors (0K)
 Metaspace       used 6736K, capacity 6925K, committed 7168K, reserved 1056768K
  class space    used 572K, capacity 650K, committed 768K, reserved 1048576K
}
Event: 0.387 GC heap after
{Heap after GC invocations=1 (full 0):
 garbage-first heap   total 196608K, used 4102K [0x0000000080000000, 0x0000000100000000)
  region size 1024K, 2 young (2048K), 2 survivors (2048K)
 Metaspace       used 6736K, capacity 6925K, committed 7168K, reserved 1056768K
  class space    used 572K, capacity 650K, committed 768K, reserved 1048576K
}
Event: 0.919 GC heap before
{Heap before GC invocations=1 (full 0):
 garbage-first heap   total 196608K, used 19462K [0x0000000080000000, 0x0000000100000000)
  region size 1024K, 14 young (14336K), 2 survivors (2048K)
 Metaspace       used 9899K, capacity 10118K, committed 10368K, reserved 1058816K
  class space    used 1011K, capacity 1102K, committed 1152K, reserved 1048576K
}
Event: 0.922 GC heap after
{Heap after GC invocations=2 (full 0):
 garbage-first heap   total 196608K, used 9390K [0x0000000080000000, 0x0000000100000000)
  region size 1024K, 2 young (2048K), 2 survivors (2048K)
 Metaspace       used 9899K, capacity 10118K, committed 10368K, reserved 1058816K
  class space    used 1011K, capacity 1102K, committed 1152K, reserved 1048576K
}
Event: 1.611 GC heap before
{Heap before GC invocations=2 (full 0):
 garbage-first heap   total 196608K, used 41134K [0x0000000080000000, 0x0000000100000000)
  region size 1024K, 32 young (32768K), 2 survivors (2048K)
 Metaspace       used 10883K, capacity 11073K, committed 11264K, reserved 1058816K
  class space    used 1112K, capacity 1207K, committed 1280K, reserved 1048576K
}
Event: 1.614 GC heap after
{Heap after GC invocations=3 (full 0):
 garbage-first heap   total 196608K, used 12625K [0x0000000080000000, 0x0000000100000000)
  region size 1024K, 4 young (4096K), 4 survivors (4096K)
 Metaspace       used 10883K, capacity 11073K, committed 11264K, reserved 1058816K
  class space    used 1112K, capacity 1207K, committed 1280K, reserved 1048576K
}
Event: 2.958 GC heap before
{Heap before GC invocations=3 (full 0):
 garbage-first heap   total 196608K, used 55633K [0x0000000080000000, 0x0000000100000000)
  region size 1024K, 47 young (48128K), 4 survivors (4096K)
 Metaspace       used 17691K, capacity 18067K, committed 18432K, reserved 1064960K
  class space    used 2054K, capacity 2177K, committed 2304K, reserved 1048576K
}
Event: 2.965 GC heap after
{Heap after GC invocations=4 (full 0):
 garbage-first heap   total 196608K, used 16179K [0x0000000080000000, 0x0000000100000000)
  region size 1024K, 6 young (6144K), 6 survivors (6144K)
 Metaspace       used 17691K, capacity 18067K, committed 18432K, reserved 1064960K
  class space    used 2054K, capacity 2177K, committed 2304K, reserved 1048576K
}
Event: 3.232 GC heap before
{Heap before GC invocations=4 (full 0):
 garbage-first heap   total 196608K, used 44851K [0x0000000080000000, 0x0000000100000000)
  region size 1024K, 35 young (35840K), 6 survivors (6144K)
 Metaspace       used 20779K, capacity 21185K, committed 21296K, reserved 1069056K
  class space    used 2518K, capacity 2684K, committed 2688K, reserved 1048576K
}
Event: 3.238 GC heap after
{Heap after GC invocations=5 (full 0):
 garbage-first heap   total 196608K, used 17357K [0x0000000080000000, 0x0000000100000000)
  region size 1024K, 8 young (8192K), 8 survivors (8192K)
 Metaspace       used 20779K, capacity 21185K, committed 21296K, reserved 1069056K
  class space    used 2518K, capacity 2684K, committed 2688K, reserved 1048576K
}
Event: 4.282 GC heap before
{Heap before GC invocations=6 (full 0):
 garbage-first heap   total 196608K, used 80845K [0x0000000080000000, 0x0000000100000000)
  region size 1024K, 70 young (71680K), 8 survivors (8192K)
 Metaspace       used 27103K, capacity 27693K, committed 27772K, reserved 1073152K
  class space    used 3510K, capacity 3736K, committed 3788K, reserved 1048576K
}
Event: 4.291 GC heap after
{Heap after GC invocations=7 (full 0):
 garbage-first heap   total 196608K, used 19669K [0x0000000080000000, 0x0000000100000000)
  region size 1024K, 4 young (4096K), 4 survivors (4096K)
 Metaspace       used 27103K, capacity 27693K, committed 27772K, reserved 1073152K
  class space    used 3510K, capacity 3736K, committed 3788K, reserved 1048576K
}
Event: 5.258 GC heap before
{Heap before GC invocations=7 (full 0):
 garbage-first heap   total 196608K, used 70869K [0x0000000080000000, 0x0000000100000000)
  region size 1024K, 55 young (56320K), 4 survivors (4096K)
 Metaspace       used 35144K, capacity 35918K, committed 35964K, reserved 1081344K
  class space    used 4501K, capacity 4799K, committed 4812K, reserved 1048576K
}
Event: 5.266 GC heap after
{Heap after GC invocations=8 (full 0):
 garbage-first heap   total 196608K, used 22600K [0x0000000080000000, 0x0000000100000000)
  region size 1024K, 7 young (7168K), 7 survivors (7168K)
 Metaspace       used 35144K, capacity 35918K, committed 35964K, reserved 1081344K
  class space    used 4501K, capacity 4799K, committed 4812K, reserved 1048576K
}
Event: 6.557 GC heap before
{Heap before GC invocations=9 (full 0):
 garbage-first heap   total 196608K, used 136264K [0x0000000080000000, 0x0000000100000000)
  region size 1024K, 115 young (117760K), 7 survivors (7168K)
 Metaspace       used 44613K, capacity 45675K, committed 45948K, reserved 1089536K
  class space    used 5628K, capacity 6031K, committed 6092K, reserved 1048576K
}
Event: 6.571 GC heap after
{Heap after GC invocations=10 (full 0):
 garbage-first heap   total 196608K, used 29903K [0x0000000080000000, 0x0000000100000000)
  region size 1024K, 14 young (14336K), 14 survivors (14336K)
 Metaspace       used 44613K, capacity 45675K, committed 45948K, reserved 1089536K
  class space    used 5628K, capacity 6031K, committed 6092K, reserved 1048576K
}

Deoptimization events (20 events):
Event: 6.762 Thread 0x000001abf25cf000 Uncommon trap: trap_request=0xffffffbe fr.pc=0x000001abe18d3f30 relative=0x0000000000000530
Event: 6.762 Thread 0x000001abf25cf000 Uncommon trap: reason=profile_predicate action=maybe_recompile pc=0x000001abe18d3f30 method=java.util.stream.ReferencePipeline.forEachWithCancel(Ljava/util/Spliterator;Ljava/util/stream/Sink;)Z @ 8 c2
Event: 6.762 Thread 0x000001abf25cf000 DEOPT PACKING pc=0x000001abe18d3f30 sp=0x000000429edf85d0
Event: 6.762 Thread 0x000001abf25cf000 DEOPT UNPACKING pc=0x000001abd9cda1af sp=0x000000429edf8570 mode 2
Event: 6.814 Thread 0x000001abf25cf000 Uncommon trap: trap_request=0xffffffbe fr.pc=0x000001abe18e0840 relative=0x0000000000000960
Event: 6.814 Thread 0x000001abf25cf000 Uncommon trap: reason=profile_predicate action=maybe_recompile pc=0x000001abe18e0840 method=jdk.internal.jimage.ImageStringsReader.charsFromByteBuffer([CLjava/nio/ByteBuffer;)V @ 6 c2
Event: 6.814 Thread 0x000001abf25cf000 DEOPT PACKING pc=0x000001abe18e0840 sp=0x000000429edf7400
Event: 6.814 Thread 0x000001abf25cf000 DEOPT UNPACKING pc=0x000001abd9cda1af sp=0x000000429edf7280 mode 2
Event: 6.814 Thread 0x000001abf25cf000 Uncommon trap: trap_request=0xffffffbe fr.pc=0x000001abe18e0840 relative=0x0000000000000960
Event: 6.814 Thread 0x000001abf25cf000 Uncommon trap: reason=profile_predicate action=maybe_recompile pc=0x000001abe18e0840 method=jdk.internal.jimage.ImageStringsReader.charsFromByteBuffer([CLjava/nio/ByteBuffer;)V @ 6 c2
Event: 6.814 Thread 0x000001abf25cf000 DEOPT PACKING pc=0x000001abe18e0840 sp=0x000000429edf7400
Event: 6.814 Thread 0x000001abf25cf000 DEOPT UNPACKING pc=0x000001abd9cda1af sp=0x000000429edf7280 mode 2
Event: 6.889 Thread 0x000001abf25cf000 DEOPT PACKING pc=0x000001abda804ef9 sp=0x000000429edf7620
Event: 6.889 Thread 0x000001abf25cf000 DEOPT UNPACKING pc=0x000001abd9cda95e sp=0x000000429edf6b68 mode 0
Event: 7.006 Thread 0x000001abf25cf000 DEOPT PACKING pc=0x000001abda2dd79b sp=0x000000429edf8020
Event: 7.006 Thread 0x000001abf25cf000 DEOPT UNPACKING pc=0x000001abd9cda95e sp=0x000000429edf7560 mode 0
Event: 7.155 Thread 0x000001abf25cf000 DEOPT PACKING pc=0x000001abda2dd79b sp=0x000000429edf8020
Event: 7.155 Thread 0x000001abf25cf000 DEOPT UNPACKING pc=0x000001abd9cda95e sp=0x000000429edf7560 mode 0
Event: 7.228 Thread 0x000001abf25cf000 DEOPT PACKING pc=0x000001abda2dd79b sp=0x000000429edf7fe0
Event: 7.228 Thread 0x000001abf25cf000 DEOPT UNPACKING pc=0x000001abd9cda95e sp=0x000000429edf7520 mode 0

Classes redefined (0 events):
No events

Internal exceptions (20 events):
Event: 6.162 Thread 0x000001abf2c7a000 Exception <a 'java/lang/NoSuchMethodError'{0x000000008bf30f38}: <clinit>> (0x000000008bf30f38) thrown at [./src/hotspot/share/prims/jni.cpp, line 1366]
Event: 6.294 Thread 0x000001abf25cf000 Implicit null exception at 0x000001abe183b7f4 to 0x000001abe183ba04
Event: 6.433 Thread 0x000001abf25cf000 Exception <a 'java/lang/ClassNotFoundException'{0x00000000858b1c58}: build_9it4b89no60y8cslhbewj6habBeanInfo> (0x00000000858b1c58) thrown at [./src/hotspot/share/classfile/systemDictionary.cpp, line 231]
Event: 6.433 Thread 0x000001abf25cf000 Exception <a 'java/lang/ClassNotFoundException'{0x00000000858c9010}: org/gradle/api/internal/project/ProjectScriptBeanInfo> (0x00000000858c9010) thrown at [./src/hotspot/share/classfile/systemDictionary.cpp, line 231]
Event: 6.434 Thread 0x000001abf25cf000 Exception <a 'java/lang/ClassNotFoundException'{0x00000000858e0a98}: org/gradle/api/internal/project/ProjectScriptCustomizer> (0x00000000858e0a98) thrown at [./src/hotspot/share/classfile/systemDictionary.cpp, line 231]
Event: 6.435 Thread 0x000001abf25cf000 Exception <a 'java/lang/ClassNotFoundException'{0x00000000858fc998}: build_9it4b89no60y8cslhbewj6habCustomizer> (0x00000000858fc998) thrown at [./src/hotspot/share/classfile/systemDictionary.cpp, line 231]
Event: 6.443 Thread 0x000001abf25cf000 Exception <a 'java/lang/ClassNotFoundException'{0x0000000085791788}: org/gradle/plugin/use/internal/PluginRequestCollector$PluginDependenciesSpecImplBeanInfo> (0x0000000085791788) thrown at [./src/hotspot/share/classfile/systemDictionary.cpp, line 231]
Event: 6.444 Thread 0x000001abf25cf000 Exception <a 'java/lang/ClassNotFoundException'{0x00000000857c0cd8}: org/gradle/plugin/use/internal/PluginRequestCollector$PluginDependenciesSpecImplCustomizer> (0x00000000857c0cd8) thrown at [./src/hotspot/share/classfile/systemDictionary.cpp, line 231]
Event: 6.447 Thread 0x000001abf25cf000 Exception <a 'java/lang/ClassNotFoundException'{0x000000008562a728}: org/gradle/plugin/use/internal/PluginRequestCollector$PluginDependencySpecImplBeanInfo> (0x000000008562a728) thrown at [./src/hotspot/share/classfile/systemDictionary.cpp, line 231]
Event: 6.448 Thread 0x000001abf25cf000 Exception <a 'java/lang/ClassNotFoundException'{0x0000000085658e28}: org/gradle/plugin/use/internal/PluginRequestCollector$PluginDependencySpecImplCustomizer> (0x0000000085658e28) thrown at [./src/hotspot/share/classfile/systemDictionary.cpp, line 231]
Event: 6.687 Thread 0x000001abf25cf000 Exception <a 'java/lang/NoSuchMethodError'{0x000000008b023cb0}: 'int java.lang.invoke.DirectMethodHandle$Holder.invokeInterface(java.lang.Object, java.lang.Object)'> (0x000000008b023cb0) thrown at [./src/hotspot/share/interpreter/linkResolver.cpp, line 773]
Event: 6.687 Thread 0x000001abf25cf000 Exception <a 'java/lang/IncompatibleClassChangeError'{0x000000008b027790}: Found class java.lang.Object, but interface was expected> (0x000000008b027790) thrown at [./src/hotspot/share/interpreter/linkResolver.cpp, line 839]
Event: 6.768 Thread 0x000001abf25cf000 Exception <a 'java/lang/NoSuchMethodError'{0x000000008a83e728}: 'int java.lang.invoke.DirectMethodHandle$Holder.invokeStaticInit(java.lang.Object)'> (0x000000008a83e728) thrown at [./src/hotspot/share/interpreter/linkResolver.cpp, line 773]
Event: 6.798 Thread 0x000001abf25cf000 Exception <a 'java/lang/NoSuchMethodError'{0x000000008a6fe4f0}: 'void java.lang.invoke.DirectMethodHandle$Holder.invokeStatic(java.lang.Object, java.lang.Object, java.lang.Object, int, java.lang.Object)'> (0x000000008a6fe4f0) thrown at [./src/hotspot/share/interpreter/linkResolver.cpp, line 773]
Event: 6.885 Thread 0x000001abf25cf000 Exception <a 'java/lang/NoSuchMethodError'{0x0000000089e12428}: 'java.lang.Object java.lang.invoke.DelegatingMethodHandle$Holder.reinvoke_L(java.lang.Object, java.lang.Object, java.lang.Object, java.lang.Object, java.lang.Object, java.lang.Object, java.lang.Object, java.lang.Object, java.lang.Object, java.lang.Object, java.lang.Object, java.lang.Object, java.lang.Object, java.lang.Object, java.lang.Object, java.lang.Object, java.lang.Object, java.lang.Object, java.lang.Object, java.lang.Object, java.lang.O
Event: 6.886 Thread 0x000001abf25cf000 Exception <a 'java/lang/NoSuchMethodError'{0x0000000089e1e088}: 'java.lang.Object java.lang.invoke.Invokers$Holder.invoker(java.lang.Object, java.lang.Object, java.lang.Object, java.lang.Object, java.lang.Object, java.lang.Object, java.lang.Object, java.lang.Object, java.lang.Object, java.lang.Object, java.lang.Object, java.lang.Object, java.lang.Object, java.lang.Object, java.lang.Object, java.lang.Object, java.lang.Object, java.lang.Object, java.lang.Object, java.lang.Object, java.lang.Object)'> (0x00000
Event: 6.886 Thread 0x000001abf25cf000 Exception <a 'java/lang/NoSuchMethodError'{0x0000000089e253f8}: 'java.lang.Object java.lang.invoke.DelegatingMethodHandle$Holder.delegate(java.lang.Object, java.lang.Object, java.lang.Object, java.lang.Object, java.lang.Object, java.lang.Object, java.lang.Object, java.lang.Object, java.lang.Object, java.lang.Object, java.lang.Object, java.lang.Object, java.lang.Object, java.lang.Object, java.lang.Object, java.lang.Object, java.lang.Object, java.lang.Object, java.lang.Object, java.lang.Object, java.lang.Obj
Event: 6.899 Thread 0x000001abf25cf000 Exception <a 'java/lang/NoSuchMethodError'{0x0000000089e6e108}: 'java.lang.Object java.lang.invoke.DirectMethodHandle$Holder.invokeStatic(java.lang.Object, java.lang.Object, java.lang.Object, java.lang.Object, java.lang.Object, java.lang.Object, java.lang.Object, java.lang.Object, java.lang.Object, java.lang.Object, java.lang.Object, java.lang.Object, java.lang.Object, java.lang.Object, java.lang.Object)'> (0x0000000089e6e108) thrown at [./src/hotspot/share/interpreter/linkResolver.cpp, line 773]
Event: 6.903 Thread 0x000001abf25cf000 Exception <a 'java/lang/NoSuchMethodError'{0x0000000089e7e740}: 'java.lang.Object java.lang.invoke.DirectMethodHandle$Holder.invokeStatic(java.lang.Object, java.lang.Object, java.lang.Object, java.lang.Object, java.lang.Object, java.lang.Object, java.lang.Object, java.lang.Object, java.lang.Object, java.lang.Object, java.lang.Object, java.lang.Object, java.lang.Object, java.lang.Object, java.lang.Object, java.lang.Object)'> (0x0000000089e7e740) thrown at [./src/hotspot/share/interpreter/linkResolver.cpp, l
Event: 6.905 Thread 0x000001abf25cf000 Exception <a 'java/lang/NoSuchMethodError'{0x0000000089e8eef8}: 'java.lang.Object java.lang.invoke.DelegatingMethodHandle$Holder.reinvoke_L(java.lang.Object, java.lang.Object, java.lang.Object, java.lang.Object, java.lang.Object, java.lang.Object, java.lang.Object, java.lang.Object, java.lang.Object, java.lang.Object, java.lang.Object, java.lang.Object, java.lang.Object, java.lang.Object, java.lang.Object, java.lang.Object, java.lang.Object, java.lang.Object, java.lang.Object, java.lang.Object)'> (0x000000

Events (20 events):
Event: 7.224 loading class org/gradle/api/internal/artifacts/ivyservice/resolveengine/excludes/factories/NormalizingExcludeFactory$UnionOf
Event: 7.224 loading class org/gradle/api/internal/artifacts/ivyservice/resolveengine/excludes/factories/NormalizingExcludeFactory$UnionOf done
Event: 7.224 loading class org/gradle/api/internal/artifacts/ivyservice/resolveengine/excludes/specs/ExcludeSpec
Event: 7.224 loading class org/gradle/api/internal/artifacts/ivyservice/resolveengine/excludes/specs/ExcludeSpec done
Event: 7.224 loading class org/gradle/api/internal/artifacts/ivyservice/resolveengine/excludes/specs/ExcludeSpec
Event: 7.224 loading class org/gradle/api/internal/artifacts/ivyservice/resolveengine/excludes/specs/ExcludeSpec done
Event: 7.225 loading class org/gradle/api/internal/artifacts/ivyservice/resolveengine/excludes/specs/GroupExclude
Event: 7.225 loading class org/gradle/api/internal/artifacts/ivyservice/resolveengine/excludes/specs/GroupExclude done
Event: 7.225 loading class org/gradle/api/internal/artifacts/ivyservice/resolveengine/excludes/specs/ModuleExclude
Event: 7.225 loading class org/gradle/api/internal/artifacts/ivyservice/resolveengine/excludes/specs/ModuleExclude done
Event: 7.225 loading class org/gradle/api/internal/artifacts/ivyservice/resolveengine/excludes/specs/ModuleIdSetExclude
Event: 7.225 loading class org/gradle/api/internal/artifacts/ivyservice/resolveengine/excludes/specs/ModuleIdSetExclude done
Event: 7.226 loading class org/gradle/api/artifacts/ModuleIdentifier
Event: 7.226 loading class org/gradle/api/artifacts/ModuleIdentifier done
Event: 7.226 loading class org/gradle/api/internal/artifacts/ivyservice/resolveengine/excludes/specs/ModuleIdExclude
Event: 7.226 loading class org/gradle/api/internal/artifacts/ivyservice/resolveengine/excludes/specs/ModuleIdExclude done
Event: 7.226 loading class org/gradle/api/internal/artifacts/ivyservice/resolveengine/excludes/simple/DefaultModuleIdSetExclude
Event: 7.226 loading class org/gradle/api/internal/artifacts/ivyservice/resolveengine/excludes/simple/DefaultModuleIdSetExclude done
Event: 7.227 loading class org/gradle/api/internal/artifacts/ivyservice/resolveengine/excludes/factories/ExcludeFactory
Event: 7.227 loading class org/gradle/api/internal/artifacts/ivyservice/resolveengine/excludes/factories/ExcludeFactory done


Dynamic libraries:
0x00007ff7c2810000 - 0x00007ff7c281a000 	C:\Program Files\Android\Android Studio\jre\bin\java.exe
0x00007ffd762b0000 - 0x00007ffd764a8000 	C:\Windows\SYSTEM32\ntdll.dll
0x00007ffd75b50000 - 0x00007ffd75c0f000 	C:\Windows\System32\KERNEL32.DLL
0x00007ffd73a50000 - 0x00007ffd73d22000 	C:\Windows\System32\KERNELBASE.dll
0x00007ffd73d80000 - 0x00007ffd73e80000 	C:\Windows\System32\ucrtbase.dll
0x00007ffd4e2c0000 - 0x00007ffd4e2d7000 	C:\Program Files\Android\Android Studio\jre\bin\VCRUNTIME140.dll
0x00007ffd713a0000 - 0x00007ffd713b9000 	C:\Program Files\Android\Android Studio\jre\bin\jli.dll
0x00007ffd74e30000 - 0x00007ffd74fd1000 	C:\Windows\System32\USER32.dll
0x00007ffd73e80000 - 0x00007ffd73ea2000 	C:\Windows\System32\win32u.dll
0x00007ffd72d30000 - 0x00007ffd72fca000 	C:\Windows\WinSxS\amd64_microsoft.windows.common-controls_6595b64144ccf1df_6.0.19041.1110_none_60b5254171f9507e\COMCTL32.dll
0x00007ffd74850000 - 0x00007ffd7487b000 	C:\Windows\System32\GDI32.dll
0x00007ffd74d90000 - 0x00007ffd74e2e000 	C:\Windows\System32\msvcrt.dll
0x00007ffd73f50000 - 0x00007ffd7405f000 	C:\Windows\System32\gdi32full.dll
0x00007ffd740f0000 - 0x00007ffd7418d000 	C:\Windows\System32\msvcp_win.dll
0x00007ffd742f0000 - 0x00007ffd74322000 	C:\Windows\System32\IMM32.DLL
0x00007ffd4e110000 - 0x00007ffd4e1ad000 	C:\Program Files\Android\Android Studio\jre\bin\msvcp140.dll
0x00007ffd15aa0000 - 0x00007ffd165a2000 	C:\Program Files\Android\Android Studio\jre\bin\server\jvm.dll
0x00007ffd74a70000 - 0x00007ffd74b1e000 	C:\Windows\System32\ADVAPI32.dll
0x00007ffd758a0000 - 0x00007ffd7593c000 	C:\Windows\System32\sechost.dll
0x00007ffd74b20000 - 0x00007ffd74c45000 	C:\Windows\System32\RPCRT4.dll
0x00007ffd74c50000 - 0x00007ffd74c58000 	C:\Windows\System32\PSAPI.DLL
0x00007ffd6ea30000 - 0x00007ffd6ea39000 	C:\Windows\SYSTEM32\WSOCK32.dll
0x00007ffd6ce40000 - 0x00007ffd6ce4a000 	C:\Windows\SYSTEM32\VERSION.dll
0x00007ffd74ff0000 - 0x00007ffd7505b000 	C:\Windows\System32\WS2_32.dll
0x00007ffd68660000 - 0x00007ffd68687000 	C:\Windows\SYSTEM32\WINMM.dll
0x00007ffd70b80000 - 0x00007ffd70b92000 	C:\Windows\SYSTEM32\kernel.appcore.dll
0x00007ffd5e8f0000 - 0x00007ffd5e901000 	C:\Program Files\Android\Android Studio\jre\bin\verify.dll
0x00007ffd73190000 - 0x00007ffd73374000 	C:\Windows\SYSTEM32\DBGHELP.DLL
0x00007ffd73150000 - 0x00007ffd73185000 	C:\Windows\SYSTEM32\dbgcore.DLL
0x00007ffd74060000 - 0x00007ffd740e2000 	C:\Windows\System32\bcryptPrimitives.dll
0x00007ffd5e8c0000 - 0x00007ffd5e8e9000 	C:\Program Files\Android\Android Studio\jre\bin\java.dll
0x00007ffd5e8b0000 - 0x00007ffd5e8bb000 	C:\Program Files\Android\Android Studio\jre\bin\jimage.dll
0x00007ffd5e890000 - 0x00007ffd5e8a8000 	C:\Program Files\Android\Android Studio\jre\bin\zip.dll
0x00007ffd75060000 - 0x00007ffd757a4000 	C:\Windows\System32\SHELL32.dll
0x00007ffd71410000 - 0x00007ffd71ba2000 	C:\Windows\SYSTEM32\windows.storage.dll
0x00007ffd74330000 - 0x00007ffd74685000 	C:\Windows\System32\combase.dll
0x00007ffd72c90000 - 0x00007ffd72cc0000 	C:\Windows\SYSTEM32\Wldp.dll
0x00007ffd747a0000 - 0x00007ffd7484d000 	C:\Windows\System32\SHCORE.dll
0x00007ffd75af0000 - 0x00007ffd75b45000 	C:\Windows\System32\shlwapi.dll
0x00007ffd738e0000 - 0x00007ffd738ff000 	C:\Windows\SYSTEM32\profapi.dll
0x00007ffd5e870000 - 0x00007ffd5e88a000 	C:\Program Files\Android\Android Studio\jre\bin\net.dll
0x00007ffd6b8d0000 - 0x00007ffd6b9dc000 	C:\Windows\SYSTEM32\WINHTTP.dll
0x00007ffd72b60000 - 0x00007ffd72bca000 	C:\Windows\system32\mswsock.dll
0x00007ffd5e850000 - 0x00007ffd5e864000 	C:\Program Files\Android\Android Studio\jre\bin\nio.dll
0x00007ffd1bed0000 - 0x00007ffd1bef7000 	C:\Users\Administrator\.gradle\native\e1d6ef7f7dcc3fd88c89a11ec53ec762bb8ba0a96d01ffa2cd45eb1d1d8dd5c5\windows-amd64\native-platform.dll
0x00007ffd31d30000 - 0x00007ffd31e74000 	C:\Users\Administrator\.gradle\native\0d407fdbe67a94daf76414ababcb853783967236a71b16ec16e742cd7a986fd3\windows-amd64\native-platform-file-events.dll
0x00007ffd5e840000 - 0x00007ffd5e84a000 	C:\Program Files\Android\Android Studio\jre\bin\management.dll
0x00007ffd5e830000 - 0x00007ffd5e83d000 	C:\Program Files\Android\Android Studio\jre\bin\management_ext.dll
0x00007ffd736c0000 - 0x00007ffd736d8000 	C:\Windows\SYSTEM32\CRYPTSP.dll
0x00007ffd72370000 - 0x00007ffd723a4000 	C:\Windows\system32\rsaenh.dll
0x00007ffd73eb0000 - 0x00007ffd73ed7000 	C:\Windows\System32\bcrypt.dll
0x00007ffd73860000 - 0x00007ffd7388e000 	C:\Windows\SYSTEM32\USERENV.dll
0x00007ffd72c50000 - 0x00007ffd72c5c000 	C:\Windows\SYSTEM32\CRYPTBASE.dll
0x00007ffd726e0000 - 0x00007ffd7271b000 	C:\Windows\SYSTEM32\IPHLPAPI.DLL
0x00007ffd75810000 - 0x00007ffd75818000 	C:\Windows\System32\NSI.dll
0x00007ffd6c690000 - 0x00007ffd6c6a7000 	C:\Windows\SYSTEM32\dhcpcsvc6.DLL
0x00007ffd6cbd0000 - 0x00007ffd6cbed000 	C:\Windows\SYSTEM32\dhcpcsvc.DLL
0x00007ffd72720000 - 0x00007ffd727ea000 	C:\Windows\SYSTEM32\DNSAPI.dll

dbghelp: loaded successfully - version: 4.0.5 - missing functions: none
symbol engine: initialized successfully - sym options: 0x614 - pdb path: .;C:\Program Files\Android\Android Studio\jre\bin;C:\Windows\SYSTEM32;C:\Windows\WinSxS\amd64_microsoft.windows.common-controls_6595b64144ccf1df_6.0.19041.1110_none_60b5254171f9507e;C:\Program Files\Android\Android Studio\jre\bin\server;C:\Users\Administrator\.gradle\native\e1d6ef7f7dcc3fd88c89a11ec53ec762bb8ba0a96d01ffa2cd45eb1d1d8dd5c5\windows-amd64;C:\Users\Administrator\.gradle\native\0d407fdbe67a94daf76414ababcb853783967236a71b16ec16e742cd7a986fd3\windows-amd64

VM Arguments:
jvm_args: --add-opens=java.base/java.util=ALL-UNNAMED --add-opens=java.base/java.lang=ALL-UNNAMED --add-opens=java.base/java.lang.invoke=ALL-UNNAMED --add-opens=java.base/java.util=ALL-UNNAMED --add-opens=java.prefs/java.util.prefs=ALL-UNNAMED --add-opens=java.prefs/java.util.prefs=ALL-UNNAMED --add-opens=java.base/java.nio.charset=ALL-UNNAMED --add-opens=java.base/java.net=ALL-UNNAMED --add-opens=java.base/java.util.concurrent.atomic=ALL-UNNAMED -Xmx2048m -Dfile.encoding=UTF-8 -Duser.country=US -Duser.language=en -Duser.variant 
java_command: org.gradle.launcher.daemon.bootstrap.GradleDaemon 7.4
java_class_path (initial): C:\Users\Administrator\.gradle\wrapper\dists\gradle-7.4-bin\c0gwcg53nkjbqw7r0h0umtfvt\gradle-7.4\lib\gradle-launcher-7.4.jar
Launcher Type: SUN_STANDARD

[Global flags]
     intx CICompilerCount                          = 3                                         {product} {ergonomic}
     uint ConcGCThreads                            = 1                                         {product} {ergonomic}
     uint G1ConcRefinementThreads                  = 4                                         {product} {ergonomic}
   size_t G1HeapRegionSize                         = 1048576                                   {product} {ergonomic}
    uintx GCDrainStackTargetSize                   = 64                                        {product} {ergonomic}
   size_t InitialHeapSize                          = 201326592                                 {product} {ergonomic}
   size_t MarkStackSize                            = 4194304                                   {product} {ergonomic}
   size_t MaxHeapSize                              = 2147483648                                {product} {command line}
   size_t MaxNewSize                               = 1287651328                                {product} {ergonomic}
   size_t MinHeapDeltaBytes                        = 1048576                                   {product} {ergonomic}
    uintx NonNMethodCodeHeapSize                   = 5830732                                {pd product} {ergonomic}
    uintx NonProfiledCodeHeapSize                  = 122913754                              {pd product} {ergonomic}
    uintx ProfiledCodeHeapSize                     = 122913754                              {pd product} {ergonomic}
    uintx ReservedCodeCacheSize                    = 251658240                              {pd product} {ergonomic}
     bool SegmentedCodeCache                       = true                                      {product} {ergonomic}
     bool UseCompressedClassPointers               = true                                 {lp64_product} {ergonomic}
     bool UseCompressedOops                        = true                                 {lp64_product} {ergonomic}
     bool UseG1GC                                  = true                                      {product} {ergonomic}
     bool UseLargePagesIndividualAllocation        = false                                  {pd product} {ergonomic}

Logging:
Log output configuration:
 #0: stdout all=warning uptime,level,tags
 #1: stderr all=off uptime,level,tags

Environment Variables:
PATH=C:\Program Files\Common Files\Oracle\Java\javapath;C:\Windows\system32;C:\Windows;C:\Windows\System32\Wbem;C:\Windows\System32\WindowsPowerShell\v1.0\;C:\Windows\System32\OpenSSH\;C:\Program Files\Git\cmd;C:\Users\Administrator\AppData\Local\Microsoft\WindowsApps;D:\Microsoft VS Code\bin;C:\Program Files\Java\jdk-19\bin;;C:\Program Files\JetBrains\IntelliJ IDEA Community Edition 2022.3.1\bin;
USERNAME=Administrator
OS=Windows_NT
PROCESSOR_IDENTIFIER=Intel64 Family 6 Model 158 Stepping 9, GenuineIntel



---------------  S Y S T E M  ---------------

OS: Windows 10 , 64 bit Build 19041 (10.0.19041.2364)
OS uptime: 0 days 3:23 hours

CPU:total 4 (initial active 4) (2 cores per cpu, 2 threads per core) family 6 model 158 stepping 9 microcode 0xb4, cmov, cx8, fxsr, mmx, sse, sse2, sse3, ssse3, sse4.1, sse4.2, popcnt, avx, avx2, aes, clmul, erms, 3dnowpref, lzcnt, ht, tsc, tscinvbit, bmi1, bmi2, adx, fma

Memory: 4k page, system-wide physical 12246M (3083M free)
TotalPageFile size 16342M (AvailPageFile size 4588M)
current process WorkingSet (physical memory assigned to process): 316M, peak: 325M
current process commit charge ("private bytes"): 389M, peak: 397M

vm_info: OpenJDK 64-Bit Server VM (11.0.13+0-b1751.21-8125866) for windows-amd64 JRE (11.0.13+0-b1751.21-8125866), built on Feb  2 2022 03:00:22 by "builder" with MS VC++ 14.0 (VS2015)

END.
