#
# A fatal error has been detected by the Java Runtime Environment:
#
#  EXCEPTION_ACCESS_VIOLATION (0xc0000005) at pc=0x00007ffe4fd600f4, pid=8180, tid=2508
#
# JRE version: OpenJDK Runtime Environment (11.0.13) (build 11.0.13+0-b1751.21-8125866)
# Java VM: OpenJDK 64-Bit Server VM (11.0.13+0-b1751.21-8125866, mixed mode, tiered, compressed oops, g1 gc, windows-amd64)
# Problematic frame:
# V  [jvm.dll+0x5f00f4]
#
# No core dump will be written. Minidumps are not enabled by default on client versions of Windows
#
# If you would like to submit a bug report, please visit:
#   https://bugreport.java.com/bugreport/crash.jsp
#

---------------  S U M M A R Y ------------

Command Line: org.jetbrains.kotlin.cli.jvm.K2JVMCompiler @P:\MapView\app\build\20230120_813183620979204018.compiler.options

Host: Intel(R) Core(TM) i3-7100 CPU @ 3.90GHz, 4 cores, 11G,  Windows 10 , 64 bit Build 19041 (10.0.19041.2364)
Time: Fri Jan 20 16:46:11 2023 Bangladesh Standard Time elapsed time: 2.655237 seconds (0d 0h 0m 2s)

---------------  T H R E A D  ---------------

Current thread (0x000002281f298800):  JavaThread "C2 CompilerThread1" daemon [_thread_in_native, id=2508, stack(0x000000e0f8500000,0x000000e0f8600000)]


Current CompileTask:
C2:   2655 3153   !   4       jdk.internal.loader.BuiltinClassLoader::findClassOnClassPathOrNull (64 bytes)

Stack: [0x000000e0f8500000,0x000000e0f8600000],  sp=0x000000e0f85fad18,  free space=1003k
Native frames: (J=compiled Java code, j=interpreted, Vv=VM code, C=native code)
V  [jvm.dll+0x5f00f4]


siginfo: EXCEPTION_ACCESS_VIOLATION (0xc0000005), reading address 0x00000228225f2ff8


Register to memory mapping:

RIP=0x00007ffe4fd600f4 jvm.dll
RAX=0x00000228225f3000 points into unknown readable memory: 0x0000000000000000 | 00 00 00 00 00 00 00 00
RBX=0x0 is NULL
RCX=0x0 is NULL
RDX=0x0000022822b13c08 points into unknown readable memory: 0x0000022822b13b08 | 08 3b b1 22 28 02 00 00
RSP=0x000000e0f85fad18 is pointing into the stack for thread: 0x000002281f298800
RBP=0x0 is NULL
RSI=0x00000000000000a0 is an unknown value
RDI=0x0000022822b13b08 points into unknown readable memory: 0x00007ffe4ff7ea28 | 28 ea f7 4f fe 7f 00 00
R8 =0x0 is NULL
R9 =0x0000022822b13b08 points into unknown readable memory: 0x00007ffe4ff7ea28 | 28 ea f7 4f fe 7f 00 00
R10=0x0000022822b13b98 points into unknown readable memory: 0x00007ffe4ffc7248 | 48 72 fc 4f fe 7f 00 00
R11=0x0000000000000014 is an unknown value
R12=0x0 is NULL
R13=0x0 is NULL
R14=0x0000022822b13b98 points into unknown readable memory: 0x00007ffe4ffc7248 | 48 72 fc 4f fe 7f 00 00
R15=0x0 is NULL


Registers:
RAX=0x00000228225f3000, RBX=0x0000000000000000, RCX=0x0000000000000000, RDX=0x0000022822b13c08
RSP=0x000000e0f85fad18, RBP=0x0000000000000000, RSI=0x00000000000000a0, RDI=0x0000022822b13b08
R8 =0x0000000000000000, R9 =0x0000022822b13b08, R10=0x0000022822b13b98, R11=0x0000000000000014
R12=0x0000000000000000, R13=0x0000000000000000, R14=0x0000022822b13b98, R15=0x0000000000000000
RIP=0x00007ffe4fd600f4, EFLAGS=0x0000000000010293

Top of Stack: (sp=0x000000e0f85fad18)
0x000000e0f85fad18:   00007ffe4f887def 0000022821186650
0x000000e0f85fad28:   00007ffe4fe883eb ffffffff88ca6bff
0x000000e0f85fad38:   00007ffe4fe8b46b 0000022822b13b08
0x000000e0f85fad48:   00007ffe4fd5ffd9 0000000000000014
0x000000e0f85fad58:   0000000000000001 0000022820e381f8
0x000000e0f85fad68:   00007ffe4fa24abe 000000e0f85fd378
0x000000e0f85fad78:   00007ffe4fdad045 0000022822b13b98
0x000000e0f85fad88:   0000022822b13b08 000000e0f85fc9c0
0x000000e0f85fad98:   0000000000004000 0000000000000000
0x000000e0f85fada8:   0000022822b13b08 000002282061e468
0x000000e0f85fadb8:   000000e0f85fc9c0 0000022822b38470
0x000000e0f85fadc8:   00007ffe4fdada0d 000000e0f85fc9c0
0x000000e0f85fadd8:   0000022822b38470 0000000000000000
0x000000e0f85fade8:   0000022822b38470 0000000000000000
0x000000e0f85fadf8:   0000000000000000 0000022822b38470
0x000000e0f85fae08:   000000000000061a 0000022822b13b98 

Instructions: (pc=0x00007ffe4fd600f4)
0x00007ffe4fd5fff4:   8b 7c 24 48 48 83 c4 20 41 5e c3 cc 40 53 57 41
0x00007ffe4fd60004:   57 48 83 ec 20 49 8b d8 4c 8b fa 48 8b f9 49 3b
0x00007ffe4fd60014:   d0 75 0b 33 c0 48 83 c4 20 41 5f 5f 5b c3 48 89
0x00007ffe4fd60024:   6c 24 40 33 ed 48 89 74 24 48 4c 89 74 24 50 4c
0x00007ffe4fd60034:   63 74 24 60 49 63 f1 49 3b f6 7d 73 48 8b 47 08
0x00007ffe4fd60044:   4c 39 3c f0 4c 8d 04 f0 75 5d 49 8b 10 48 85 d2
0x00007ffe4fd60054:   74 26 4c 8b 4a 10 4d 85 c9 74 1d 8b 4a 20 49 8d
0x00007ffe4fd60064:   04 c9 48 39 78 f8 48 8d 40 f8 75 f6 ff c9 89 4a
0x00007ffe4fd60074:   20 49 8b 14 c9 48 89 10 49 89 18 48 85 db 74 25
0x00007ffe4fd60084:   48 83 7b 10 00 74 1e 8b 53 20 3b 53 24 75 08 48
0x00007ffe4fd60094:   8b cb e8 35 fb ff ff 8b 53 20 48 8b 4b 10 48 89
0x00007ffe4fd600a4:   3c d1 ff 43 20 ff c5 48 ff c6 49 3b f6 7c 8d 4c
0x00007ffe4fd600b4:   8b 74 24 50 8b c5 48 8b 6c 24 40 48 8b 74 24 48
0x00007ffe4fd600c4:   48 83 c4 20 41 5f 5f 5b c3 cc cc cc 48 8b 41 08
0x00007ffe4fd600d4:   4c 8b c9 44 8b da 4e 8b 14 d8 4d 85 d2 74 33 49
0x00007ffe4fd600e4:   8b 52 10 48 85 d2 74 1f 41 8b 4a 20 48 8d 04 ca
0x00007ffe4fd600f4:   4c 39 48 f8 48 8d 40 f8 75 f6 ff c9 41 89 4a 20
0x00007ffe4fd60104:   48 8b 14 ca 48 89 10 41 8b d3 49 8b c9 e9 fa dd
0x00007ffe4fd60114:   ff ff c3 cc cc cc cc cc cc cc cc cc 8b 15 e6 44
0x00007ffe4fd60124:   47 00 65 48 8b 04 25 58 00 00 00 41 b8 08 00 00
0x00007ffe4fd60134:   00 48 8b 04 d0 4a 8b 14 00 48 8b 82 e8 04 00 00
0x00007ffe4fd60144:   48 8b 90 88 00 00 00 48 3b 8a 68 02 00 00 75 0b
0x00007ffe4fd60154:   33 c0 48 89 41 20 48 89 41 10 c3 48 83 79 10 00
0x00007ffe4fd60164:   75 08 48 c7 41 10 ff ff ff ff c3 cc 8b 41 2c 83
0x00007ffe4fd60174:   e0 1f 3c 14 75 23 66 0f 1f 44 00 00 83 79 18 02
0x00007ffe4fd60184:   75 17 8b 41 2c 83 e0 1f 3c 14 75 0d 48 8b 41 08
0x00007ffe4fd60194:   48 8b 48 08 48 85 c9 75 e3 48 8b c1 c3 cc cc cc
0x00007ffe4fd601a4:   cc cc cc cc cc cc cc cc cc cc cc cc 48 89 5c 24
0x00007ffe4fd601b4:   08 48 89 6c 24 10 48 89 74 24 18 57 48 83 ec 20
0x00007ffe4fd601c4:   33 ed 48 8b f1 8b dd 39 59 20 76 2b 48 8b 46 10
0x00007ffe4fd601d4:   8b d3 48 8b 3c d0 48 8b cf 48 8b 07 ff 50 10 84
0x00007ffe4fd601e4:   c0 74 0d 48 3b fe 74 08 48 85 ed 75 22 48 8b ef 


Stack slot to memory mapping:
stack at sp + 0 slots: 0x00007ffe4f887def jvm.dll
stack at sp + 1 slots: 0x0000022821186650 points into unknown readable memory: 0x00007ffe4ff7e640 | 40 e6 f7 4f fe 7f 00 00
stack at sp + 2 slots: 0x00007ffe4fe883eb jvm.dll
stack at sp + 3 slots: 0xffffffff88ca6bff is an unknown value
stack at sp + 4 slots: 0x00007ffe4fe8b46b jvm.dll
stack at sp + 5 slots: 0x0000022822b13b08 points into unknown readable memory: 0x00007ffe4ff7ea28 | 28 ea f7 4f fe 7f 00 00
stack at sp + 6 slots: 0x00007ffe4fd5ffd9 jvm.dll
stack at sp + 7 slots: 0x0000000000000014 is an unknown value


---------------  P R O C E S S  ---------------

Threads class SMR info:
_java_thread_list=0x000002281f292760, length=11, elements={
0x0000022800719800, 0x000002281e8b3000, 0x000002281e8b5000, 0x000002281f0ef800,
0x000002281f0f1800, 0x000002281f0f6000, 0x000002281f13f800, 0x000002281f144800,
0x000002281f147800, 0x000002281f2a1800, 0x000002281f298800
}

Java Threads: ( => current thread )
  0x0000022800719800 JavaThread "main" [_thread_in_Java, id=9352, stack(0x000000e0f7400000,0x000000e0f7500000)]
  0x000002281e8b3000 JavaThread "Reference Handler" daemon [_thread_blocked, id=10936, stack(0x000000e0f7b00000,0x000000e0f7c00000)]
  0x000002281e8b5000 JavaThread "Finalizer" daemon [_thread_blocked, id=6212, stack(0x000000e0f7c00000,0x000000e0f7d00000)]
  0x000002281f0ef800 JavaThread "Signal Dispatcher" daemon [_thread_blocked, id=6268, stack(0x000000e0f7d00000,0x000000e0f7e00000)]
  0x000002281f0f1800 JavaThread "Attach Listener" daemon [_thread_blocked, id=12192, stack(0x000000e0f7e00000,0x000000e0f7f00000)]
  0x000002281f0f6000 JavaThread "Service Thread" daemon [_thread_blocked, id=5516, stack(0x000000e0f7f00000,0x000000e0f8000000)]
  0x000002281f13f800 JavaThread "C2 CompilerThread0" daemon [_thread_in_native, id=6024, stack(0x000000e0f8000000,0x000000e0f8100000)]
  0x000002281f144800 JavaThread "C1 CompilerThread0" daemon [_thread_in_native, id=1128, stack(0x000000e0f8100000,0x000000e0f8200000)]
  0x000002281f147800 JavaThread "Sweeper thread" daemon [_thread_blocked, id=8944, stack(0x000000e0f8200000,0x000000e0f8300000)]
  0x000002281f2a1800 JavaThread "Common-Cleaner" daemon [_thread_blocked, id=5600, stack(0x000000e0f8400000,0x000000e0f8500000)]
=>0x000002281f298800 JavaThread "C2 CompilerThread1" daemon [_thread_in_native, id=2508, stack(0x000000e0f8500000,0x000000e0f8600000)]

Other Threads:
  0x000002281f0e5000 VMThread "VM Thread" [stack: 0x000000e0f7a00000,0x000000e0f7b00000] [id=8296]
  0x000002281f296000 WatcherThread [stack: 0x000000e0f8300000,0x000000e0f8400000] [id=12272]
  0x0000022800732000 GCTaskThread "GC Thread#0" [stack: 0x000000e0f7500000,0x000000e0f7600000] [id=9256]
  0x000002281f83f000 GCTaskThread "GC Thread#1" [stack: 0x000000e0f8600000,0x000000e0f8700000] [id=8600]
  0x000002281f83f800 GCTaskThread "GC Thread#2" [stack: 0x000000e0f8700000,0x000000e0f8800000] [id=7716]
  0x000002281f840000 GCTaskThread "GC Thread#3" [stack: 0x000000e0f8800000,0x000000e0f8900000] [id=3260]
  0x0000022800778000 ConcurrentGCThread "G1 Main Marker" [stack: 0x000000e0f7600000,0x000000e0f7700000] [id=9220]
  0x000002280077b800 ConcurrentGCThread "G1 Conc#0" [stack: 0x000000e0f7700000,0x000000e0f7800000] [id=5156]
  0x000002281e70a800 ConcurrentGCThread "G1 Refine#0" [stack: 0x000000e0f7800000,0x000000e0f7900000] [id=7820]
  0x000002281e70b000 ConcurrentGCThread "G1 Young RemSet Sampling" [stack: 0x000000e0f7900000,0x000000e0f7a00000] [id=2072]

Threads with active compile tasks:
C2 CompilerThread0   2666 3198   !   4       jdk.internal.loader.URLClassPath$JarLoader::getResource (65 bytes)
C1 CompilerThread0   2666 3253       3       org.jetbrains.org.objectweb.asm.ClassReader::readMethod (1061 bytes)
C2 CompilerThread1   2666 3153   !   4       jdk.internal.loader.BuiltinClassLoader::findClassOnClassPathOrNull (64 bytes)

VM state:not at safepoint (normal execution)

VM Mutex/Monitor currently owned by a thread: None

Heap address: 0x0000000740a00000, size: 3062 MB, Compressed Oops mode: Zero based, Oop shift amount: 3
Narrow klass base: 0x0000000800000000, Narrow klass shift: 0
Compressed class space size: 1073741824 Address: 0x0000000800000000

Heap:
 garbage-first heap   total 196608K, used 73270K [0x0000000740a00000, 0x0000000800000000)
  region size 1024K, 52 young (53248K), 3 survivors (3072K)
 Metaspace       used 46213K, capacity 46747K, committed 46928K, reserved 1091584K
  class space    used 5461K, capacity 5675K, committed 5760K, reserved 1048576K
Heap Regions: E=young(eden), S=young(survivor), O=old, HS=humongous(starts), HC=humongous(continues), CS=collection set, F=free, A=archive, TAMS=top-at-mark-start (previous, next)
|   0|0x0000000740a00000, 0x0000000740b00000, 0x0000000740b00000|100%|HS|  |TAMS 0x0000000740b00000, 0x0000000740a00000| Complete 
|   1|0x0000000740b00000, 0x0000000740c00000, 0x0000000740c00000|100%|HC|  |TAMS 0x0000000740c00000, 0x0000000740b00000| Complete 
|   2|0x0000000740c00000, 0x0000000740d00000, 0x0000000740d00000|100%|HC|  |TAMS 0x0000000740d00000, 0x0000000740c00000| Complete 
|   3|0x0000000740d00000, 0x0000000740e00000, 0x0000000740e00000|100%|HC|  |TAMS 0x0000000740e00000, 0x0000000740d00000| Complete 
|   4|0x0000000740e00000, 0x0000000740f00000, 0x0000000740f00000|100%| O|  |TAMS 0x0000000740f00000, 0x0000000740e00000| Untracked 
|   5|0x0000000740f00000, 0x0000000741000000, 0x0000000741000000|100%| O|  |TAMS 0x0000000741000000, 0x0000000740f00000| Untracked 
|   6|0x0000000741000000, 0x0000000741100000, 0x0000000741100000|100%|HS|  |TAMS 0x0000000741100000, 0x0000000741000000| Complete 
|   7|0x0000000741100000, 0x0000000741200000, 0x0000000741200000|100%|HC|  |TAMS 0x0000000741200000, 0x0000000741100000| Complete 
|   8|0x0000000741200000, 0x0000000741300000, 0x0000000741300000|100%|HC|  |TAMS 0x0000000741300000, 0x0000000741200000| Complete 
|   9|0x0000000741300000, 0x0000000741400000, 0x0000000741400000|100%|HC|  |TAMS 0x0000000741400000, 0x0000000741300000| Complete 
|  10|0x0000000741400000, 0x0000000741400000, 0x0000000741500000|  0%| F|  |TAMS 0x0000000741400000, 0x0000000741400000| Untracked 
|  11|0x0000000741500000, 0x0000000741500000, 0x0000000741600000|  0%| F|  |TAMS 0x0000000741500000, 0x0000000741500000| Untracked 
|  12|0x0000000741600000, 0x0000000741700000, 0x0000000741700000|100%| O|  |TAMS 0x0000000741700000, 0x0000000741600000| Untracked 
|  13|0x0000000741700000, 0x0000000741800000, 0x0000000741800000|100%| O|  |TAMS 0x0000000741800000, 0x0000000741700000| Untracked 
|  14|0x0000000741800000, 0x0000000741900000, 0x0000000741900000|100%| O|  |TAMS 0x0000000741900000, 0x0000000741800000| Untracked 
|  15|0x0000000741900000, 0x0000000741a00000, 0x0000000741a00000|100%| O|  |TAMS 0x0000000741a00000, 0x0000000741900000| Untracked 
|  16|0x0000000741a00000, 0x0000000741b00000, 0x0000000741b00000|100%| O|  |TAMS 0x0000000741b00000, 0x0000000741a00000| Untracked 
|  17|0x0000000741b00000, 0x0000000741c00000, 0x0000000741c00000|100%| O|  |TAMS 0x0000000741c00000, 0x0000000741b00000| Untracked 
|  18|0x0000000741c00000, 0x0000000741d00000, 0x0000000741d00000|100%| O|  |TAMS 0x0000000741d00000, 0x0000000741c00000| Untracked 
|  19|0x0000000741d00000, 0x0000000741e00000, 0x0000000741e00000|100%| O|  |TAMS 0x0000000741e00000, 0x0000000741d00000| Untracked 
|  20|0x0000000741e00000, 0x0000000741f00000, 0x0000000741f00000|100%| O|  |TAMS 0x0000000741f00000, 0x0000000741e00000| Untracked 
|  21|0x0000000741f00000, 0x0000000742000000, 0x0000000742000000|100%| O|  |TAMS 0x0000000742000000, 0x0000000741f00000| Untracked 
|  22|0x0000000742000000, 0x0000000742100000, 0x0000000742100000|100%| O|  |TAMS 0x0000000742100000, 0x0000000742000000| Untracked 
|  23|0x0000000742100000, 0x0000000742100000, 0x0000000742200000|  0%| F|  |TAMS 0x0000000742100000, 0x0000000742100000| Untracked 
|  24|0x0000000742200000, 0x0000000742200000, 0x0000000742300000|  0%| F|  |TAMS 0x0000000742200000, 0x0000000742200000| Untracked 
|  25|0x0000000742300000, 0x0000000742300000, 0x0000000742400000|  0%| F|  |TAMS 0x0000000742300000, 0x0000000742300000| Untracked 
|  26|0x0000000742400000, 0x0000000742400000, 0x0000000742500000|  0%| F|  |TAMS 0x0000000742400000, 0x0000000742400000| Untracked 
|  27|0x0000000742500000, 0x0000000742500000, 0x0000000742600000|  0%| F|  |TAMS 0x0000000742500000, 0x0000000742500000| Untracked 
|  28|0x0000000742600000, 0x0000000742600000, 0x0000000742700000|  0%| F|  |TAMS 0x0000000742600000, 0x0000000742600000| Untracked 
|  29|0x0000000742700000, 0x0000000742700000, 0x0000000742800000|  0%| F|  |TAMS 0x0000000742700000, 0x0000000742700000| Untracked 
|  30|0x0000000742800000, 0x0000000742800000, 0x0000000742900000|  0%| F|  |TAMS 0x0000000742800000, 0x0000000742800000| Untracked 
|  31|0x0000000742900000, 0x0000000742900000, 0x0000000742a00000|  0%| F|  |TAMS 0x0000000742900000, 0x0000000742900000| Untracked 
|  32|0x0000000742a00000, 0x0000000742a00000, 0x0000000742b00000|  0%| F|  |TAMS 0x0000000742a00000, 0x0000000742a00000| Untracked 
|  33|0x0000000742b00000, 0x0000000742b00000, 0x0000000742c00000|  0%| F|  |TAMS 0x0000000742b00000, 0x0000000742b00000| Untracked 
|  34|0x0000000742c00000, 0x0000000742c00000, 0x0000000742d00000|  0%| F|  |TAMS 0x0000000742c00000, 0x0000000742c00000| Untracked 
|  35|0x0000000742d00000, 0x0000000742d00000, 0x0000000742e00000|  0%| F|  |TAMS 0x0000000742d00000, 0x0000000742d00000| Untracked 
|  36|0x0000000742e00000, 0x0000000742e00000, 0x0000000742f00000|  0%| F|  |TAMS 0x0000000742e00000, 0x0000000742e00000| Untracked 
|  37|0x0000000742f00000, 0x0000000742f00000, 0x0000000743000000|  0%| F|  |TAMS 0x0000000742f00000, 0x0000000742f00000| Untracked 
|  38|0x0000000743000000, 0x0000000743000000, 0x0000000743100000|  0%| F|  |TAMS 0x0000000743000000, 0x0000000743000000| Untracked 
|  39|0x0000000743100000, 0x0000000743100000, 0x0000000743200000|  0%| F|  |TAMS 0x0000000743100000, 0x0000000743100000| Untracked 
|  40|0x0000000743200000, 0x0000000743200000, 0x0000000743300000|  0%| F|  |TAMS 0x0000000743200000, 0x0000000743200000| Untracked 
|  41|0x0000000743300000, 0x0000000743300000, 0x0000000743400000|  0%| F|  |TAMS 0x0000000743300000, 0x0000000743300000| Untracked 
|  42|0x0000000743400000, 0x0000000743400000, 0x0000000743500000|  0%| F|  |TAMS 0x0000000743400000, 0x0000000743400000| Untracked 
|  43|0x0000000743500000, 0x0000000743500000, 0x0000000743600000|  0%| F|  |TAMS 0x0000000743500000, 0x0000000743500000| Untracked 
|  44|0x0000000743600000, 0x0000000743600000, 0x0000000743700000|  0%| F|  |TAMS 0x0000000743600000, 0x0000000743600000| Untracked 
|  45|0x0000000743700000, 0x0000000743700000, 0x0000000743800000|  0%| F|  |TAMS 0x0000000743700000, 0x0000000743700000| Untracked 
|  46|0x0000000743800000, 0x0000000743800000, 0x0000000743900000|  0%| F|  |TAMS 0x0000000743800000, 0x0000000743800000| Untracked 
|  47|0x0000000743900000, 0x0000000743900000, 0x0000000743a00000|  0%| F|  |TAMS 0x0000000743900000, 0x0000000743900000| Untracked 
|  48|0x0000000743a00000, 0x0000000743a00000, 0x0000000743b00000|  0%| F|  |TAMS 0x0000000743a00000, 0x0000000743a00000| Untracked 
|  49|0x0000000743b00000, 0x0000000743b00000, 0x0000000743c00000|  0%| F|  |TAMS 0x0000000743b00000, 0x0000000743b00000| Untracked 
|  50|0x0000000743c00000, 0x0000000743c00000, 0x0000000743d00000|  0%| F|  |TAMS 0x0000000743c00000, 0x0000000743c00000| Untracked 
|  51|0x0000000743d00000, 0x0000000743d00000, 0x0000000743e00000|  0%| F|  |TAMS 0x0000000743d00000, 0x0000000743d00000| Untracked 
|  52|0x0000000743e00000, 0x0000000743e00000, 0x0000000743f00000|  0%| F|  |TAMS 0x0000000743e00000, 0x0000000743e00000| Untracked 
|  53|0x0000000743f00000, 0x0000000743f00000, 0x0000000744000000|  0%| F|  |TAMS 0x0000000743f00000, 0x0000000743f00000| Untracked 
|  54|0x0000000744000000, 0x0000000744000000, 0x0000000744100000|  0%| F|  |TAMS 0x0000000744000000, 0x0000000744000000| Untracked 
|  55|0x0000000744100000, 0x0000000744100000, 0x0000000744200000|  0%| F|  |TAMS 0x0000000744100000, 0x0000000744100000| Untracked 
|  56|0x0000000744200000, 0x0000000744200000, 0x0000000744300000|  0%| F|  |TAMS 0x0000000744200000, 0x0000000744200000| Untracked 
|  57|0x0000000744300000, 0x0000000744300000, 0x0000000744400000|  0%| F|  |TAMS 0x0000000744300000, 0x0000000744300000| Untracked 
|  58|0x0000000744400000, 0x0000000744400000, 0x0000000744500000|  0%| F|  |TAMS 0x0000000744400000, 0x0000000744400000| Untracked 
|  59|0x0000000744500000, 0x0000000744500000, 0x0000000744600000|  0%| F|  |TAMS 0x0000000744500000, 0x0000000744500000| Untracked 
|  60|0x0000000744600000, 0x0000000744600000, 0x0000000744700000|  0%| F|  |TAMS 0x0000000744600000, 0x0000000744600000| Untracked 
|  61|0x0000000744700000, 0x0000000744700000, 0x0000000744800000|  0%| F|  |TAMS 0x0000000744700000, 0x0000000744700000| Untracked 
|  62|0x0000000744800000, 0x0000000744800000, 0x0000000744900000|  0%| F|  |TAMS 0x0000000744800000, 0x0000000744800000| Untracked 
|  63|0x0000000744900000, 0x0000000744900000, 0x0000000744a00000|  0%| F|  |TAMS 0x0000000744900000, 0x0000000744900000| Untracked 
|  64|0x0000000744a00000, 0x0000000744a00000, 0x0000000744b00000|  0%| F|  |TAMS 0x0000000744a00000, 0x0000000744a00000| Untracked 
|  65|0x0000000744b00000, 0x0000000744b00000, 0x0000000744c00000|  0%| F|  |TAMS 0x0000000744b00000, 0x0000000744b00000| Untracked 
|  66|0x0000000744c00000, 0x0000000744c00000, 0x0000000744d00000|  0%| F|  |TAMS 0x0000000744c00000, 0x0000000744c00000| Untracked 
|  67|0x0000000744d00000, 0x0000000744d00000, 0x0000000744e00000|  0%| F|  |TAMS 0x0000000744d00000, 0x0000000744d00000| Untracked 
|  68|0x0000000744e00000, 0x0000000744e00000, 0x0000000744f00000|  0%| F|  |TAMS 0x0000000744e00000, 0x0000000744e00000| Untracked 
|  69|0x0000000744f00000, 0x0000000744f00000, 0x0000000745000000|  0%| F|  |TAMS 0x0000000744f00000, 0x0000000744f00000| Untracked 
|  70|0x0000000745000000, 0x0000000745000000, 0x0000000745100000|  0%| F|  |TAMS 0x0000000745000000, 0x0000000745000000| Untracked 
|  71|0x0000000745100000, 0x0000000745100000, 0x0000000745200000|  0%| F|  |TAMS 0x0000000745100000, 0x0000000745100000| Untracked 
|  72|0x0000000745200000, 0x0000000745200000, 0x0000000745300000|  0%| F|  |TAMS 0x0000000745200000, 0x0000000745200000| Untracked 
|  73|0x0000000745300000, 0x0000000745300000, 0x0000000745400000|  0%| F|  |TAMS 0x0000000745300000, 0x0000000745300000| Untracked 
|  74|0x0000000745400000, 0x0000000745400000, 0x0000000745500000|  0%| F|  |TAMS 0x0000000745400000, 0x0000000745400000| Untracked 
|  75|0x0000000745500000, 0x0000000745500000, 0x0000000745600000|  0%| F|  |TAMS 0x0000000745500000, 0x0000000745500000| Untracked 
|  76|0x0000000745600000, 0x0000000745600000, 0x0000000745700000|  0%| F|  |TAMS 0x0000000745600000, 0x0000000745600000| Untracked 
|  77|0x0000000745700000, 0x0000000745700000, 0x0000000745800000|  0%| F|  |TAMS 0x0000000745700000, 0x0000000745700000| Untracked 
|  78|0x0000000745800000, 0x0000000745800000, 0x0000000745900000|  0%| F|  |TAMS 0x0000000745800000, 0x0000000745800000| Untracked 
|  79|0x0000000745900000, 0x0000000745900000, 0x0000000745a00000|  0%| F|  |TAMS 0x0000000745900000, 0x0000000745900000| Untracked 
|  80|0x0000000745a00000, 0x0000000745a00000, 0x0000000745b00000|  0%| F|  |TAMS 0x0000000745a00000, 0x0000000745a00000| Untracked 
|  81|0x0000000745b00000, 0x0000000745b00000, 0x0000000745c00000|  0%| F|  |TAMS 0x0000000745b00000, 0x0000000745b00000| Untracked 
|  82|0x0000000745c00000, 0x0000000745c00000, 0x0000000745d00000|  0%| F|  |TAMS 0x0000000745c00000, 0x0000000745c00000| Untracked 
|  83|0x0000000745d00000, 0x0000000745d00000, 0x0000000745e00000|  0%| F|  |TAMS 0x0000000745d00000, 0x0000000745d00000| Untracked 
|  84|0x0000000745e00000, 0x0000000745e00000, 0x0000000745f00000|  0%| F|  |TAMS 0x0000000745e00000, 0x0000000745e00000| Untracked 
|  85|0x0000000745f00000, 0x0000000745f00000, 0x0000000746000000|  0%| F|  |TAMS 0x0000000745f00000, 0x0000000745f00000| Untracked 
|  86|0x0000000746000000, 0x0000000746000000, 0x0000000746100000|  0%| F|  |TAMS 0x0000000746000000, 0x0000000746000000| Untracked 
|  87|0x0000000746100000, 0x0000000746100000, 0x0000000746200000|  0%| F|  |TAMS 0x0000000746100000, 0x0000000746100000| Untracked 
|  88|0x0000000746200000, 0x0000000746200000, 0x0000000746300000|  0%| F|  |TAMS 0x0000000746200000, 0x0000000746200000| Untracked 
|  89|0x0000000746300000, 0x0000000746300000, 0x0000000746400000|  0%| F|  |TAMS 0x0000000746300000, 0x0000000746300000| Untracked 
|  90|0x0000000746400000, 0x0000000746400000, 0x0000000746500000|  0%| F|  |TAMS 0x0000000746400000, 0x0000000746400000| Untracked 
|  91|0x0000000746500000, 0x0000000746500000, 0x0000000746600000|  0%| F|  |TAMS 0x0000000746500000, 0x0000000746500000| Untracked 
|  92|0x0000000746600000, 0x0000000746600000, 0x0000000746700000|  0%| F|  |TAMS 0x0000000746600000, 0x0000000746600000| Untracked 
|  93|0x0000000746700000, 0x0000000746700000, 0x0000000746800000|  0%| F|  |TAMS 0x0000000746700000, 0x0000000746700000| Untracked 
|  94|0x0000000746800000, 0x0000000746800000, 0x0000000746900000|  0%| F|  |TAMS 0x0000000746800000, 0x0000000746800000| Untracked 
|  95|0x0000000746900000, 0x0000000746900000, 0x0000000746a00000|  0%| F|  |TAMS 0x0000000746900000, 0x0000000746900000| Untracked 
|  96|0x0000000746a00000, 0x0000000746a00000, 0x0000000746b00000|  0%| F|  |TAMS 0x0000000746a00000, 0x0000000746a00000| Untracked 
|  97|0x0000000746b00000, 0x0000000746b00000, 0x0000000746c00000|  0%| F|  |TAMS 0x0000000746b00000, 0x0000000746b00000| Untracked 
|  98|0x0000000746c00000, 0x0000000746c00000, 0x0000000746d00000|  0%| F|  |TAMS 0x0000000746c00000, 0x0000000746c00000| Untracked 
|  99|0x0000000746d00000, 0x0000000746d00000, 0x0000000746e00000|  0%| F|  |TAMS 0x0000000746d00000, 0x0000000746d00000| Untracked 
| 100|0x0000000746e00000, 0x0000000746e00000, 0x0000000746f00000|  0%| F|  |TAMS 0x0000000746e00000, 0x0000000746e00000| Untracked 
| 101|0x0000000746f00000, 0x0000000746f00000, 0x0000000747000000|  0%| F|  |TAMS 0x0000000746f00000, 0x0000000746f00000| Untracked 
| 102|0x0000000747000000, 0x0000000747000000, 0x0000000747100000|  0%| F|  |TAMS 0x0000000747000000, 0x0000000747000000| Untracked 
| 103|0x0000000747100000, 0x0000000747100000, 0x0000000747200000|  0%| F|  |TAMS 0x0000000747100000, 0x0000000747100000| Untracked 
| 104|0x0000000747200000, 0x0000000747200000, 0x0000000747300000|  0%| F|  |TAMS 0x0000000747200000, 0x0000000747200000| Untracked 
| 105|0x0000000747300000, 0x0000000747300000, 0x0000000747400000|  0%| F|  |TAMS 0x0000000747300000, 0x0000000747300000| Untracked 
| 106|0x0000000747400000, 0x0000000747400000, 0x0000000747500000|  0%| F|  |TAMS 0x0000000747400000, 0x0000000747400000| Untracked 
| 107|0x0000000747500000, 0x0000000747500000, 0x0000000747600000|  0%| F|  |TAMS 0x0000000747500000, 0x0000000747500000| Untracked 
| 108|0x0000000747600000, 0x0000000747600000, 0x0000000747700000|  0%| F|  |TAMS 0x0000000747600000, 0x0000000747600000| Untracked 
| 109|0x0000000747700000, 0x0000000747700000, 0x0000000747800000|  0%| F|  |TAMS 0x0000000747700000, 0x0000000747700000| Untracked 
| 110|0x0000000747800000, 0x0000000747800000, 0x0000000747900000|  0%| F|  |TAMS 0x0000000747800000, 0x0000000747800000| Untracked 
| 111|0x0000000747900000, 0x0000000747900000, 0x0000000747a00000|  0%| F|  |TAMS 0x0000000747900000, 0x0000000747900000| Untracked 
| 112|0x0000000747a00000, 0x0000000747a00000, 0x0000000747b00000|  0%| F|  |TAMS 0x0000000747a00000, 0x0000000747a00000| Untracked 
| 113|0x0000000747b00000, 0x0000000747b00000, 0x0000000747c00000|  0%| F|  |TAMS 0x0000000747b00000, 0x0000000747b00000| Untracked 
| 114|0x0000000747c00000, 0x0000000747c00000, 0x0000000747d00000|  0%| F|  |TAMS 0x0000000747c00000, 0x0000000747c00000| Untracked 
| 115|0x0000000747d00000, 0x0000000747d00000, 0x0000000747e00000|  0%| F|  |TAMS 0x0000000747d00000, 0x0000000747d00000| Untracked 
| 116|0x0000000747e00000, 0x0000000747e00000, 0x0000000747f00000|  0%| F|  |TAMS 0x0000000747e00000, 0x0000000747e00000| Untracked 
| 117|0x0000000747f00000, 0x0000000747f00000, 0x0000000748000000|  0%| F|  |TAMS 0x0000000747f00000, 0x0000000747f00000| Untracked 
| 118|0x0000000748000000, 0x0000000748000000, 0x0000000748100000|  0%| F|  |TAMS 0x0000000748000000, 0x0000000748000000| Untracked 
| 119|0x0000000748100000, 0x0000000748100000, 0x0000000748200000|  0%| F|  |TAMS 0x0000000748100000, 0x0000000748100000| Untracked 
| 120|0x0000000748200000, 0x0000000748200000, 0x0000000748300000|  0%| F|  |TAMS 0x0000000748200000, 0x0000000748200000| Untracked 
| 121|0x0000000748300000, 0x0000000748300000, 0x0000000748400000|  0%| F|  |TAMS 0x0000000748300000, 0x0000000748300000| Untracked 
| 122|0x0000000748400000, 0x0000000748400000, 0x0000000748500000|  0%| F|  |TAMS 0x0000000748400000, 0x0000000748400000| Untracked 
| 123|0x0000000748500000, 0x0000000748500000, 0x0000000748600000|  0%| F|  |TAMS 0x0000000748500000, 0x0000000748500000| Untracked 
| 124|0x0000000748600000, 0x0000000748600000, 0x0000000748700000|  0%| F|  |TAMS 0x0000000748600000, 0x0000000748600000| Untracked 
| 125|0x0000000748700000, 0x0000000748700000, 0x0000000748800000|  0%| F|  |TAMS 0x0000000748700000, 0x0000000748700000| Untracked 
| 126|0x0000000748800000, 0x0000000748800000, 0x0000000748900000|  0%| F|  |TAMS 0x0000000748800000, 0x0000000748800000| Untracked 
| 127|0x0000000748900000, 0x0000000748900000, 0x0000000748a00000|  0%| F|  |TAMS 0x0000000748900000, 0x0000000748900000| Untracked 
| 128|0x0000000748a00000, 0x0000000748a00000, 0x0000000748b00000|  0%| F|  |TAMS 0x0000000748a00000, 0x0000000748a00000| Untracked 
| 129|0x0000000748b00000, 0x0000000748b00000, 0x0000000748c00000|  0%| F|  |TAMS 0x0000000748b00000, 0x0000000748b00000| Untracked 
| 130|0x0000000748c00000, 0x0000000748c00000, 0x0000000748d00000|  0%| F|  |TAMS 0x0000000748c00000, 0x0000000748c00000| Untracked 
| 131|0x0000000748d00000, 0x0000000748d00000, 0x0000000748e00000|  0%| F|  |TAMS 0x0000000748d00000, 0x0000000748d00000| Untracked 
| 132|0x0000000748e00000, 0x0000000748e00000, 0x0000000748f00000|  0%| F|  |TAMS 0x0000000748e00000, 0x0000000748e00000| Untracked 
| 133|0x0000000748f00000, 0x0000000748f00000, 0x0000000749000000|  0%| F|  |TAMS 0x0000000748f00000, 0x0000000748f00000| Untracked 
| 134|0x0000000749000000, 0x0000000749000000, 0x0000000749100000|  0%| F|  |TAMS 0x0000000749000000, 0x0000000749000000| Untracked 
| 135|0x0000000749100000, 0x0000000749100000, 0x0000000749200000|  0%| F|  |TAMS 0x0000000749100000, 0x0000000749100000| Untracked 
| 136|0x0000000749200000, 0x0000000749200000, 0x0000000749300000|  0%| F|  |TAMS 0x0000000749200000, 0x0000000749200000| Untracked 
| 137|0x0000000749300000, 0x0000000749300000, 0x0000000749400000|  0%| F|  |TAMS 0x0000000749300000, 0x0000000749300000| Untracked 
| 138|0x0000000749400000, 0x0000000749400000, 0x0000000749500000|  0%| F|  |TAMS 0x0000000749400000, 0x0000000749400000| Untracked 
| 139|0x0000000749500000, 0x0000000749500000, 0x0000000749600000|  0%| F|  |TAMS 0x0000000749500000, 0x0000000749500000| Untracked 
| 140|0x0000000749600000, 0x0000000749700000, 0x0000000749700000|100%| E|  |TAMS 0x0000000749600000, 0x0000000749600000| Complete 
| 141|0x0000000749700000, 0x0000000749800000, 0x0000000749800000|100%| E|CS|TAMS 0x0000000749700000, 0x0000000749700000| Complete 
| 142|0x0000000749800000, 0x0000000749900000, 0x0000000749900000|100%| E|CS|TAMS 0x0000000749800000, 0x0000000749800000| Complete 
| 143|0x0000000749900000, 0x0000000749a00000, 0x0000000749a00000|100%| E|CS|TAMS 0x0000000749900000, 0x0000000749900000| Complete 
| 144|0x0000000749a00000, 0x0000000749b00000, 0x0000000749b00000|100%| E|CS|TAMS 0x0000000749a00000, 0x0000000749a00000| Complete 
| 145|0x0000000749b00000, 0x0000000749c00000, 0x0000000749c00000|100%| E|CS|TAMS 0x0000000749b00000, 0x0000000749b00000| Complete 
| 146|0x0000000749c00000, 0x0000000749d00000, 0x0000000749d00000|100%| E|CS|TAMS 0x0000000749c00000, 0x0000000749c00000| Complete 
| 147|0x0000000749d00000, 0x0000000749e00000, 0x0000000749e00000|100%| E|CS|TAMS 0x0000000749d00000, 0x0000000749d00000| Complete 
| 148|0x0000000749e00000, 0x0000000749f00000, 0x0000000749f00000|100%| E|CS|TAMS 0x0000000749e00000, 0x0000000749e00000| Complete 
| 149|0x0000000749f00000, 0x000000074a000000, 0x000000074a000000|100%| E|CS|TAMS 0x0000000749f00000, 0x0000000749f00000| Complete 
| 150|0x000000074a000000, 0x000000074a100000, 0x000000074a100000|100%| E|CS|TAMS 0x000000074a000000, 0x000000074a000000| Complete 
| 151|0x000000074a100000, 0x000000074a200000, 0x000000074a200000|100%| E|CS|TAMS 0x000000074a100000, 0x000000074a100000| Complete 
| 152|0x000000074a200000, 0x000000074a300000, 0x000000074a300000|100%| E|CS|TAMS 0x000000074a200000, 0x000000074a200000| Complete 
| 153|0x000000074a300000, 0x000000074a400000, 0x000000074a400000|100%| E|CS|TAMS 0x000000074a300000, 0x000000074a300000| Complete 
| 154|0x000000074a400000, 0x000000074a500000, 0x000000074a500000|100%| E|CS|TAMS 0x000000074a400000, 0x000000074a400000| Complete 
| 155|0x000000074a500000, 0x000000074a600000, 0x000000074a600000|100%| E|CS|TAMS 0x000000074a500000, 0x000000074a500000| Complete 
| 156|0x000000074a600000, 0x000000074a700000, 0x000000074a700000|100%| E|CS|TAMS 0x000000074a600000, 0x000000074a600000| Complete 
| 157|0x000000074a700000, 0x000000074a800000, 0x000000074a800000|100%| E|CS|TAMS 0x000000074a700000, 0x000000074a700000| Complete 
| 158|0x000000074a800000, 0x000000074a900000, 0x000000074a900000|100%| E|CS|TAMS 0x000000074a800000, 0x000000074a800000| Complete 
| 159|0x000000074a900000, 0x000000074aa00000, 0x000000074aa00000|100%| E|CS|TAMS 0x000000074a900000, 0x000000074a900000| Complete 
| 160|0x000000074aa00000, 0x000000074ab00000, 0x000000074ab00000|100%| E|CS|TAMS 0x000000074aa00000, 0x000000074aa00000| Complete 
| 161|0x000000074ab00000, 0x000000074ac00000, 0x000000074ac00000|100%| E|CS|TAMS 0x000000074ab00000, 0x000000074ab00000| Complete 
| 162|0x000000074ac00000, 0x000000074ad00000, 0x000000074ad00000|100%| E|CS|TAMS 0x000000074ac00000, 0x000000074ac00000| Complete 
| 163|0x000000074ad00000, 0x000000074ae00000, 0x000000074ae00000|100%| E|CS|TAMS 0x000000074ad00000, 0x000000074ad00000| Complete 
| 164|0x000000074ae00000, 0x000000074af00000, 0x000000074af00000|100%| E|CS|TAMS 0x000000074ae00000, 0x000000074ae00000| Complete 
| 165|0x000000074af00000, 0x000000074b000000, 0x000000074b000000|100%| E|CS|TAMS 0x000000074af00000, 0x000000074af00000| Complete 
| 166|0x000000074b000000, 0x000000074b100000, 0x000000074b100000|100%| E|CS|TAMS 0x000000074b000000, 0x000000074b000000| Complete 
| 167|0x000000074b100000, 0x000000074b200000, 0x000000074b200000|100%| E|CS|TAMS 0x000000074b100000, 0x000000074b100000| Complete 
| 168|0x000000074b200000, 0x000000074b300000, 0x000000074b300000|100%| E|CS|TAMS 0x000000074b200000, 0x000000074b200000| Complete 
| 169|0x000000074b300000, 0x000000074b400000, 0x000000074b400000|100%| E|CS|TAMS 0x000000074b300000, 0x000000074b300000| Complete 
| 170|0x000000074b400000, 0x000000074b500000, 0x000000074b500000|100%| E|CS|TAMS 0x000000074b400000, 0x000000074b400000| Complete 
| 171|0x000000074b500000, 0x000000074b600000, 0x000000074b600000|100%| E|CS|TAMS 0x000000074b500000, 0x000000074b500000| Complete 
| 172|0x000000074b600000, 0x000000074b700000, 0x000000074b700000|100%| E|CS|TAMS 0x000000074b600000, 0x000000074b600000| Complete 
| 173|0x000000074b700000, 0x000000074b78d970, 0x000000074b800000| 55%| S|CS|TAMS 0x000000074b700000, 0x000000074b700000| Complete 
| 174|0x000000074b800000, 0x000000074b900000, 0x000000074b900000|100%| S|CS|TAMS 0x000000074b800000, 0x000000074b800000| Complete 
| 175|0x000000074b900000, 0x000000074ba00000, 0x000000074ba00000|100%| S|CS|TAMS 0x000000074b900000, 0x000000074b900000| Complete 
| 176|0x000000074ba00000, 0x000000074bb00000, 0x000000074bb00000|100%| E|CS|TAMS 0x000000074ba00000, 0x000000074ba00000| Complete 
| 177|0x000000074bb00000, 0x000000074bc00000, 0x000000074bc00000|100%| E|CS|TAMS 0x000000074bb00000, 0x000000074bb00000| Complete 
| 178|0x000000074bc00000, 0x000000074bd00000, 0x000000074bd00000|100%| E|CS|TAMS 0x000000074bc00000, 0x000000074bc00000| Complete 
| 179|0x000000074bd00000, 0x000000074be00000, 0x000000074be00000|100%| E|CS|TAMS 0x000000074bd00000, 0x000000074bd00000| Complete 
| 180|0x000000074be00000, 0x000000074bf00000, 0x000000074bf00000|100%| E|CS|TAMS 0x000000074be00000, 0x000000074be00000| Complete 
| 181|0x000000074bf00000, 0x000000074c000000, 0x000000074c000000|100%| E|CS|TAMS 0x000000074bf00000, 0x000000074bf00000| Complete 
| 182|0x000000074c000000, 0x000000074c100000, 0x000000074c100000|100%| E|CS|TAMS 0x000000074c000000, 0x000000074c000000| Complete 
| 183|0x000000074c100000, 0x000000074c200000, 0x000000074c200000|100%| E|CS|TAMS 0x000000074c100000, 0x000000074c100000| Complete 
| 184|0x000000074c200000, 0x000000074c300000, 0x000000074c300000|100%| E|CS|TAMS 0x000000074c200000, 0x000000074c200000| Complete 
| 185|0x000000074c300000, 0x000000074c400000, 0x000000074c400000|100%| E|CS|TAMS 0x000000074c300000, 0x000000074c300000| Complete 
| 186|0x000000074c400000, 0x000000074c500000, 0x000000074c500000|100%| E|CS|TAMS 0x000000074c400000, 0x000000074c400000| Complete 
| 187|0x000000074c500000, 0x000000074c600000, 0x000000074c600000|100%| E|CS|TAMS 0x000000074c500000, 0x000000074c500000| Complete 
| 188|0x000000074c600000, 0x000000074c700000, 0x000000074c700000|100%| E|CS|TAMS 0x000000074c600000, 0x000000074c600000| Complete 
| 189|0x000000074c700000, 0x000000074c800000, 0x000000074c800000|100%| E|CS|TAMS 0x000000074c700000, 0x000000074c700000| Complete 
| 190|0x000000074c800000, 0x000000074c900000, 0x000000074c900000|100%| E|CS|TAMS 0x000000074c800000, 0x000000074c800000| Complete 
| 191|0x000000074c900000, 0x000000074ca00000, 0x000000074ca00000|100%| E|CS|TAMS 0x000000074c900000, 0x000000074c900000| Complete 

Card table byte_map: [0x0000022815640000,0x0000022815c40000] _byte_map_base: 0x0000022811c3b000

Marking Bits (Prev, Next): (CMBitMap*) 0x000002280076b298, (CMBitMap*) 0x000002280076b2d0
 Prev Bits: [0x0000022816240000, 0x0000022819218000)
 Next Bits: [0x0000022819220000, 0x000002281c1f8000)

Polling page: 0x0000022800800000

Metaspace:

Usage:
  Non-class:     40.11 MB capacity,    39.81 MB (>99%) used,   240.22 KB ( <1%) free+waste,    67.13 KB ( <1%) overhead. 
      Class:      5.54 MB capacity,     5.33 MB ( 96%) used,   184.23 KB (  3%) free+waste,    29.69 KB ( <1%) overhead. 
       Both:     45.65 MB capacity,    45.14 MB ( 99%) used,   424.45 KB ( <1%) free+waste,    96.81 KB ( <1%) overhead. 

Virtual space:
  Non-class space:       42.00 MB reserved,      40.20 MB ( 96%) committed 
      Class space:        1.00 GB reserved,       5.63 MB ( <1%) committed 
             Both:        1.04 GB reserved,      45.83 MB (  4%) committed 

Chunk freelists:
   Non-Class:  32.00 KB
       Class:  21.00 KB
        Both:  53.00 KB

MaxMetaspaceSize: 17179869184.00 GB
CompressedClassSpaceSize: 1.00 GB
Initial GC threshold: 20.80 MB
Current GC threshold: 59.51 MB
CDS: off

CodeHeap 'non-profiled nmethods': size=120064Kb used=1327Kb max_used=1327Kb free=118737Kb
 bounds [0x000002280d4d0000, 0x000002280d740000, 0x0000022814a10000]
CodeHeap 'profiled nmethods': size=120000Kb used=6970Kb max_used=6970Kb free=113030Kb
 bounds [0x0000022805fa0000, 0x0000022806670000, 0x000002280d4d0000]
CodeHeap 'non-nmethods': size=5696Kb used=1266Kb max_used=1300Kb free=4429Kb
 bounds [0x0000022805a10000, 0x0000022805c80000, 0x0000022805fa0000]
 total_blobs=3787 nmethods=3240 adapters=459
 compilation: enabled
              stopped_count=0, restarted_count=0
 full_count=0

Compilation events (20 events):
Event: 2.638 Thread 0x000002281f144800 3239       3       org.jetbrains.org.objectweb.asm.ClassReader::readInt (52 bytes)
Event: 2.638 Thread 0x000002281f144800 nmethod 3239 0x000002280665f490 code [0x000002280665f640, 0x000002280665f818]
Event: 2.639 Thread 0x000002281f144800 3240       3       org.jetbrains.org.objectweb.asm.ClassReader::readUtf (161 bytes)
Event: 2.639 Thread 0x000002281f144800 nmethod 3240 0x000002280665f990 code [0x000002280665fba0, 0x0000022806660138]
Event: 2.639 Thread 0x000002281f144800 3241       3       org.jetbrains.org.objectweb.asm.ClassReader::readUTF8 (23 bytes)
Event: 2.639 Thread 0x000002281f144800 nmethod 3241 0x0000022806660490 code [0x0000022806660660, 0x00000228066608e8]
Event: 2.639 Thread 0x000002281f144800 3242       3       org.jetbrains.org.objectweb.asm.ClassReader::readUtf (44 bytes)
Event: 2.639 Thread 0x000002281f144800 nmethod 3242 0x0000022806660a10 code [0x0000022806660c00, 0x0000022806661068]
Event: 2.646 Thread 0x000002281f144800 3243       3       org.jetbrains.kotlin.name.FqNameUnsafe::parent (56 bytes)
Event: 2.646 Thread 0x000002281f144800 nmethod 3243 0x0000022806661290 code [0x00000228066614a0, 0x0000022806661978]
Event: 2.646 Thread 0x000002281f144800 3245       3       org.jetbrains.kotlin.name.FqName::parent (70 bytes)
Event: 2.647 Thread 0x000002281f144800 nmethod 3245 0x0000022806661b10 code [0x0000022806661d40, 0x0000022806662498]
Event: 2.647 Thread 0x000002281f144800 3244       3       org.jetbrains.kotlin.name.ClassId::getPackageFqName (13 bytes)
Event: 2.647 Thread 0x000002281f144800 nmethod 3244 0x0000022806662710 code [0x00000228066628c0, 0x0000022806662a48]
Event: 2.651 Thread 0x000002281f144800 3246       3       java.text.StringCharacterIterator::current (37 bytes)
Event: 2.651 Thread 0x000002281f144800 nmethod 3246 0x0000022806662b10 code [0x0000022806662d20, 0x0000022806663378]
Event: 2.652 Thread 0x000002281f144800 3247       3       java.text.StringCharacterIterator::next (46 bytes)
Event: 2.652 Thread 0x000002281f144800 nmethod 3247 0x0000022806663610 code [0x0000022806663820, 0x0000022806663e18]
Event: 2.652 Thread 0x000002281f13f800 nmethod 3193 0x000002280d618010 code [0x000002280d6182a0, 0x000002280d619e70]
Event: 2.653 Thread 0x000002281f13f800 3220       4       java.lang.Character::codePointAt (51 bytes)

GC Heap History (8 events):
Event: 0.310 GC heap before
{Heap before GC invocations=0 (full 0):
 garbage-first heap   total 196608K, used 18432K [0x0000000740a00000, 0x0000000800000000)
  region size 1024K, 14 young (14336K), 0 survivors (0K)
 Metaspace       used 9726K, capacity 9839K, committed 10112K, reserved 1058816K
  class space    used 812K, capacity 852K, committed 896K, reserved 1048576K
}
Event: 0.312 GC heap after
{Heap after GC invocations=1 (full 0):
 garbage-first heap   total 196608K, used 6259K [0x0000000740a00000, 0x0000000800000000)
  region size 1024K, 2 young (2048K), 2 survivors (2048K)
 Metaspace       used 9726K, capacity 9839K, committed 10112K, reserved 1058816K
  class space    used 812K, capacity 852K, committed 896K, reserved 1048576K
}
Event: 0.975 GC heap before
{Heap before GC invocations=1 (full 0):
 garbage-first heap   total 196608K, used 54387K [0x0000000740a00000, 0x0000000800000000)
  region size 1024K, 50 young (51200K), 2 survivors (2048K)
 Metaspace       used 20984K, capacity 21188K, committed 21248K, reserved 1069056K
  class space    used 2218K, capacity 2303K, committed 2304K, reserved 1048576K
}
Event: 0.985 GC heap after
{Heap after GC invocations=2 (full 0):
 garbage-first heap   total 196608K, used 11060K [0x0000000740a00000, 0x0000000800000000)
  region size 1024K, 7 young (7168K), 7 survivors (7168K)
 Metaspace       used 20984K, capacity 21188K, committed 21248K, reserved 1069056K
  class space    used 2218K, capacity 2303K, committed 2304K, reserved 1048576K
}
Event: 1.718 GC heap before
{Heap before GC invocations=3 (full 0):
 garbage-first heap   total 196608K, used 67380K [0x0000000740a00000, 0x0000000800000000)
  region size 1024K, 56 young (57344K), 7 survivors (7168K)
 Metaspace       used 32483K, capacity 32871K, committed 32892K, reserved 1077248K
  class space    used 4030K, capacity 4210K, committed 4224K, reserved 1048576K
}
Event: 1.731 GC heap after
{Heap after GC invocations=4 (full 0):
 garbage-first heap   total 196608K, used 23651K [0x0000000740a00000, 0x0000000800000000)
  region size 1024K, 7 young (7168K), 7 survivors (7168K)
 Metaspace       used 32483K, capacity 32871K, committed 32892K, reserved 1077248K
  class space    used 4030K, capacity 4210K, committed 4224K, reserved 1048576K
}
Event: 1.945 GC heap before
{Heap before GC invocations=4 (full 0):
 garbage-first heap   total 196608K, used 39011K [0x0000000740a00000, 0x0000000800000000)
  region size 1024K, 23 young (23552K), 7 survivors (7168K)
 Metaspace       used 35557K, capacity 35954K, committed 36048K, reserved 1081344K
  class space    used 4358K, capacity 4534K, committed 4608K, reserved 1048576K
}
Event: 1.954 GC heap after
{Heap after GC invocations=5 (full 0):
 garbage-first heap   total 196608K, used 24118K [0x0000000740a00000, 0x0000000800000000)
  region size 1024K, 3 young (3072K), 3 survivors (3072K)
 Metaspace       used 35557K, capacity 35954K, committed 36048K, reserved 1081344K
  class space    used 4358K, capacity 4534K, committed 4608K, reserved 1048576K
}

Deoptimization events (20 events):
Event: 2.617 Thread 0x0000022800719800 Uncommon trap: trap_request=0xffffffde fr.pc=0x000002280d6099b8 relative=0x0000000000000178
Event: 2.617 Thread 0x0000022800719800 Uncommon trap: reason=class_check action=maybe_recompile pc=0x000002280d6099b8 method=java.lang.Character.codePointAt(Ljava/lang/CharSequence;I)I @ 2 c2
Event: 2.617 Thread 0x0000022800719800 DEOPT PACKING pc=0x000002280d6099b8 sp=0x000000e0f74fa920
Event: 2.617 Thread 0x0000022800719800 DEOPT UNPACKING pc=0x0000022805a5a1af sp=0x000000e0f74fa8d8 mode 2
Event: 2.617 Thread 0x0000022800719800 Uncommon trap: trap_request=0xffffffde fr.pc=0x000002280d6099b8 relative=0x0000000000000178
Event: 2.617 Thread 0x0000022800719800 Uncommon trap: reason=class_check action=maybe_recompile pc=0x000002280d6099b8 method=java.lang.Character.codePointAt(Ljava/lang/CharSequence;I)I @ 2 c2
Event: 2.617 Thread 0x0000022800719800 DEOPT PACKING pc=0x000002280d6099b8 sp=0x000000e0f74fa920
Event: 2.617 Thread 0x0000022800719800 DEOPT UNPACKING pc=0x0000022805a5a1af sp=0x000000e0f74fa8d8 mode 2
Event: 2.617 Thread 0x0000022800719800 Uncommon trap: trap_request=0xffffffde fr.pc=0x000002280d6099b8 relative=0x0000000000000178
Event: 2.617 Thread 0x0000022800719800 Uncommon trap: reason=class_check action=maybe_recompile pc=0x000002280d6099b8 method=java.lang.Character.codePointAt(Ljava/lang/CharSequence;I)I @ 2 c2
Event: 2.617 Thread 0x0000022800719800 DEOPT PACKING pc=0x000002280d6099b8 sp=0x000000e0f74fa920
Event: 2.617 Thread 0x0000022800719800 DEOPT UNPACKING pc=0x0000022805a5a1af sp=0x000000e0f74fa8d8 mode 2
Event: 2.617 Thread 0x0000022800719800 Uncommon trap: trap_request=0xffffffde fr.pc=0x000002280d6099b8 relative=0x0000000000000178
Event: 2.617 Thread 0x0000022800719800 Uncommon trap: reason=class_check action=maybe_recompile pc=0x000002280d6099b8 method=java.lang.Character.codePointAt(Ljava/lang/CharSequence;I)I @ 2 c2
Event: 2.617 Thread 0x0000022800719800 DEOPT PACKING pc=0x000002280d6099b8 sp=0x000000e0f74fa920
Event: 2.617 Thread 0x0000022800719800 DEOPT UNPACKING pc=0x0000022805a5a1af sp=0x000000e0f74fa8d8 mode 2
Event: 2.631 Thread 0x0000022800719800 Uncommon trap: trap_request=0xffffffc6 fr.pc=0x000002280d59bf0c relative=0x000000000000156c
Event: 2.631 Thread 0x0000022800719800 Uncommon trap: reason=bimorphic_or_optimized_type_check action=maybe_recompile pc=0x000002280d59bf0c method=java.util.zip.ZipFile.getZipEntry(Ljava/lang/String;[BILjava/util/function/Function;)Ljava/util/zip/ZipEntry; @ 108 c2
Event: 2.631 Thread 0x0000022800719800 DEOPT PACKING pc=0x000002280d59bf0c sp=0x000000e0f74fa710
Event: 2.631 Thread 0x0000022800719800 DEOPT UNPACKING pc=0x0000022805a5a1af sp=0x000000e0f74fa6c8 mode 2

Classes redefined (0 events):
No events

Internal exceptions (20 events):
Event: 0.969 Thread 0x0000022800719800 Exception <a 'java/lang/NoSuchMethodError'{0x00000007499c9a98}: 'long java.lang.invoke.DirectMethodHandle$Holder.invokeStatic(java.lang.Object)'> (0x00000007499c9a98) thrown at [./src/hotspot/share/interpreter/linkResolver.cpp, line 773]
Event: 0.969 Thread 0x0000022800719800 Exception <a 'java/lang/NoSuchMethodError'{0x00000007499cc8f0}: 'long java.lang.invoke.DirectMethodHandle$Holder.invokeStaticInit(java.lang.Object)'> (0x00000007499cc8f0) thrown at [./src/hotspot/share/interpreter/linkResolver.cpp, line 773]
Event: 1.001 Thread 0x0000022800719800 Exception <a 'java/lang/NoSuchMethodError'{0x000000074c9fb518}: 'int java.lang.invoke.DirectMethodHandle$Holder.invokeSpecialIFC(java.lang.Object, java.lang.Object, int)'> (0x000000074c9fb518) thrown at [./src/hotspot/share/interpreter/linkResolver.cpp, line 773]
Event: 1.031 Thread 0x0000022800719800 Exception <a 'java/lang/NoSuchMethodError'{0x000000074c53c5f8}: 'int java.lang.invoke.DirectMethodHandle$Holder.invokeStaticInit(java.lang.Object, java.lang.Object, java.lang.Object)'> (0x000000074c53c5f8) thrown at [./src/hotspot/share/interpreter/linkResolver.cpp, line 773]
Event: 1.034 Thread 0x0000022800719800 Exception <a 'java/lang/NoSuchMethodError'{0x000000074c5681d8}: 'int java.lang.invoke.DirectMethodHandle$Holder.invokeStaticInit(java.lang.Object, java.lang.Object)'> (0x000000074c5681d8) thrown at [./src/hotspot/share/interpreter/linkResolver.cpp, line 773]
Event: 1.067 Thread 0x0000022800719800 Exception <a 'java/lang/NoSuchMethodError'{0x000000074c37e048}: 'void java.lang.invoke.DirectMethodHandle$Holder.invokeSpecial(java.lang.Object, java.lang.Object)'> (0x000000074c37e048) thrown at [./src/hotspot/share/interpreter/linkResolver.cpp, line 773]
Event: 1.202 Thread 0x0000022800719800 Exception <a 'java/lang/NoSuchMethodError'{0x000000074ba2c540}: 'java.lang.Object java.lang.invoke.DirectMethodHandle$Holder.invokeStatic(java.lang.Object, java.lang.Object, java.lang.Object, java.lang.Object, java.lang.Object, java.lang.Object, java.lang.Object, java.lang.Object, java.lang.Object, java.lang.Object, java.lang.Object, java.lang.Object, java.lang.Object, java.lang.Object, java.lang.Object)'> (0x000000074ba2c540) thrown at [./src/hotspot/share/interpreter/linkResolver.cpp, line 773]
Event: 1.203 Thread 0x0000022800719800 Exception <a 'java/lang/NoSuchMethodError'{0x000000074ba3a548}: 'java.lang.Object java.lang.invoke.DirectMethodHandle$Holder.invokeStatic(java.lang.Object, java.lang.Object, java.lang.Object, java.lang.Object, java.lang.Object, java.lang.Object, java.lang.Object, java.lang.Object, java.lang.Object, java.lang.Object, java.lang.Object, java.lang.Object, java.lang.Object, java.lang.Object, java.lang.Object, java.lang.Object)'> (0x000000074ba3a548) thrown at [./src/hotspot/share/interpreter/linkResolver.cpp, l
Event: 1.204 Thread 0x0000022800719800 Exception <a 'java/lang/NoSuchMethodError'{0x000000074ba48460}: 'java.lang.Object java.lang.invoke.DirectMethodHandle$Holder.invokeSpecial(java.lang.Object, java.lang.Object, int, int, java.lang.Object, java.lang.Object, java.lang.Object)'> (0x000000074ba48460) thrown at [./src/hotspot/share/interpreter/linkResolver.cpp, line 773]
Event: 1.204 Thread 0x0000022800719800 Exception <a 'java/lang/NoSuchMethodError'{0x000000074ba4bc98}: 'java.lang.Object java.lang.invoke.DelegatingMethodHandle$Holder.reinvoke_L(java.lang.Object, int, int, java.lang.Object, java.lang.Object, java.lang.Object)'> (0x000000074ba4bc98) thrown at [./src/hotspot/share/interpreter/linkResolver.cpp, line 773]
Event: 1.205 Thread 0x0000022800719800 Exception <a 'java/lang/NoSuchMethodError'{0x000000074ba50020}: 'java.lang.Object java.lang.invoke.DirectMethodHandle$Holder.invokeStatic(java.lang.Object, java.lang.Object, java.lang.Object, java.lang.Object, int)'> (0x000000074ba50020) thrown at [./src/hotspot/share/interpreter/linkResolver.cpp, line 773]
Event: 1.232 Thread 0x0000022800719800 Exception <a 'java/lang/NoSuchMethodError'{0x000000074b976d98}: 'void java.lang.invoke.DirectMethodHandle$Holder.invokeStatic(java.lang.Object, java.lang.Object, java.lang.Object, java.lang.Object)'> (0x000000074b976d98) thrown at [./src/hotspot/share/interpreter/linkResolver.cpp, line 773]
Event: 1.286 Thread 0x0000022800719800 Exception <a 'java/lang/NoSuchMethodError'{0x000000074b562b50}: 'void java.lang.invoke.DirectMethodHandle$Holder.invokeStaticInit(java.lang.Object, java.lang.Object)'> (0x000000074b562b50) thrown at [./src/hotspot/share/interpreter/linkResolver.cpp, line 773]
Event: 1.350 Thread 0x0000022800719800 Exception <a 'java/lang/NoSuchMethodError'{0x000000074b1a6ff0}: 'void java.lang.invoke.DirectMethodHandle$Holder.invokeVirtual(java.lang.Object, java.lang.Object)'> (0x000000074b1a6ff0) thrown at [./src/hotspot/share/interpreter/linkResolver.cpp, line 773]
Event: 1.360 Thread 0x0000022800719800 Exception <a 'java/lang/NoSuchMethodError'{0x000000074b0721b0}: 'int java.lang.invoke.DirectMethodHandle$Holder.invokeVirtual(java.lang.Object, java.lang.Object)'> (0x000000074b0721b0) thrown at [./src/hotspot/share/interpreter/linkResolver.cpp, line 773]
Event: 1.914 Thread 0x0000022800719800 Exception <a 'java/lang/NoSuchMethodError'{0x000000074bcd5258}: 'java.lang.Object java.lang.invoke.DirectMethodHandle$Holder.invokeVirtual(java.lang.Object, java.lang.Object, java.lang.Object)'> (0x000000074bcd5258) thrown at [./src/hotspot/share/interpreter/linkResolver.cpp, line 773]
Event: 2.455 Thread 0x0000022800719800 Exception <a 'java/lang/NoSuchMethodError'{0x000000074a07c050}: 'java.lang.Object java.lang.invoke.Invokers$Holder.linkToTargetMethod(java.lang.Object, int, java.lang.Object)'> (0x000000074a07c050) thrown at [./src/hotspot/share/interpreter/linkResolver.cpp, line 773]
Event: 2.527 Thread 0x0000022800719800 Exception <a 'java/lang/NoSuchMethodError'{0x0000000749dae758}: 'java.lang.Object java.lang.invoke.DirectMethodHandle$Holder.invokeStatic(java.lang.Object, java.lang.Object, java.lang.Object, int)'> (0x0000000749dae758) thrown at [./src/hotspot/share/interpreter/linkResolver.cpp, line 773]
Event: 2.528 Thread 0x0000022800719800 Exception <a 'java/lang/NoSuchMethodError'{0x0000000749db23c8}: 'java.lang.Object java.lang.invoke.DirectMethodHandle$Holder.invokeSpecial(java.lang.Object, java.lang.Object, java.lang.Object, java.lang.Object, int)'> (0x0000000749db23c8) thrown at [./src/hotspot/share/interpreter/linkResolver.cpp, line 773]
Event: 2.528 Thread 0x0000022800719800 Exception <a 'java/lang/NoSuchMethodError'{0x0000000749db56d8}: 'java.lang.Object java.lang.invoke.Invokers$Holder.linkToTargetMethod(java.lang.Object, java.lang.Object, int, java.lang.Object)'> (0x0000000749db56d8) thrown at [./src/hotspot/share/interpreter/linkResolver.cpp, line 773]

Events (20 events):
Event: 2.650 loading class org/jetbrains/kotlin/load/java/structure/JavaArrayType
Event: 2.650 loading class org/jetbrains/kotlin/load/java/structure/JavaArrayType done
Event: 2.651 loading class org/jetbrains/kotlin/load/java/structure/impl/classFiles/BinaryClassSignatureParser$JavaSignatureVariance
Event: 2.651 loading class org/jetbrains/kotlin/load/java/structure/impl/classFiles/BinaryClassSignatureParser$JavaSignatureVariance done
Event: 2.651 loading class org/jetbrains/kotlin/load/java/structure/impl/classFiles/PlainJavaWildcardType
Event: 2.651 loading class org/jetbrains/kotlin/load/java/structure/impl/classFiles/PlainJavaWildcardType done
Event: 2.651 loading class org/jetbrains/kotlin/load/java/structure/JavaWildcardType
Event: 2.651 loading class org/jetbrains/kotlin/load/java/structure/JavaWildcardType done
Event: 2.652 loading class org/jetbrains/kotlin/load/java/structure/impl/classFiles/BinaryJavaAnnotation
Event: 2.652 loading class org/jetbrains/kotlin/load/java/structure/impl/classFiles/BinaryJavaAnnotation done
Event: 2.652 loading class org/jetbrains/kotlin/load/java/structure/JavaAnnotation
Event: 2.652 loading class org/jetbrains/kotlin/load/java/structure/JavaAnnotation done
Event: 2.652 loading class org/jetbrains/kotlin/load/java/structure/impl/classFiles/BinaryJavaAnnotation$Companion
Event: 2.652 loading class org/jetbrains/kotlin/load/java/structure/impl/classFiles/BinaryJavaAnnotation$Companion done
Event: 2.653 loading class org/jetbrains/kotlin/load/java/structure/impl/classFiles/BinaryJavaAnnotation$classifierResolutionResult$2
Event: 2.653 loading class org/jetbrains/kotlin/load/java/structure/impl/classFiles/BinaryJavaAnnotation$classifierResolutionResult$2 done
Event: 2.653 loading class org/jetbrains/kotlin/load/java/structure/impl/classFiles/BinaryJavaAnnotationVisitor
Event: 2.653 loading class org/jetbrains/kotlin/load/java/structure/impl/classFiles/BinaryJavaAnnotationVisitor done
Event: 2.653 loading class org/jetbrains/kotlin/load/java/structure/impl/classFiles/BinaryJavaAnnotationVisitor$1
Event: 2.653 loading class org/jetbrains/kotlin/load/java/structure/impl/classFiles/BinaryJavaAnnotationVisitor$1 done


Dynamic libraries:
0x00007ff7c88c0000 - 0x00007ff7c88ca000 	C:\Program Files\Android\Android Studio\jre\bin\java.exe
0x00007ffe7d750000 - 0x00007ffe7d948000 	C:\Windows\SYSTEM32\ntdll.dll
0x00007ffe7cae0000 - 0x00007ffe7cb9f000 	C:\Windows\System32\KERNEL32.DLL
0x00007ffe7af00000 - 0x00007ffe7b1d2000 	C:\Windows\System32\KERNELBASE.dll
0x00007ffe7b420000 - 0x00007ffe7b520000 	C:\Windows\System32\ucrtbase.dll
0x00007ffe72e30000 - 0x00007ffe72e47000 	C:\Program Files\Android\Android Studio\jre\bin\VCRUNTIME140.dll
0x00007ffe72e10000 - 0x00007ffe72e29000 	C:\Program Files\Android\Android Studio\jre\bin\jli.dll
0x00007ffe69f60000 - 0x00007ffe6a1fa000 	C:\Windows\WinSxS\amd64_microsoft.windows.common-controls_6595b64144ccf1df_6.0.19041.1110_none_60b5254171f9507e\COMCTL32.dll
0x00007ffe7c8d0000 - 0x00007ffe7c96e000 	C:\Windows\System32\msvcrt.dll
0x00007ffe7d430000 - 0x00007ffe7d5d1000 	C:\Windows\System32\USER32.dll
0x00007ffe7c170000 - 0x00007ffe7c19b000 	C:\Windows\System32\GDI32.dll
0x00007ffe7aed0000 - 0x00007ffe7aef2000 	C:\Windows\System32\win32u.dll
0x00007ffe7b520000 - 0x00007ffe7b62f000 	C:\Windows\System32\gdi32full.dll
0x00007ffe7b300000 - 0x00007ffe7b39d000 	C:\Windows\System32\msvcp_win.dll
0x00007ffe7c330000 - 0x00007ffe7c362000 	C:\Windows\System32\IMM32.DLL
0x00007ffe54700000 - 0x00007ffe5479d000 	C:\Program Files\Android\Android Studio\jre\bin\msvcp140.dll
0x00007ffe4f770000 - 0x00007ffe50272000 	C:\Program Files\Android\Android Studio\jre\bin\server\jvm.dll
0x00007ffe7c280000 - 0x00007ffe7c32e000 	C:\Windows\System32\ADVAPI32.dll
0x00007ffe7c970000 - 0x00007ffe7ca0c000 	C:\Windows\System32\sechost.dll
0x00007ffe7b7f0000 - 0x00007ffe7b915000 	C:\Windows\System32\RPCRT4.dll
0x00007ffe7bfc0000 - 0x00007ffe7bfc8000 	C:\Windows\System32\PSAPI.DLL
0x00007ffe70c30000 - 0x00007ffe70c57000 	C:\Windows\SYSTEM32\WINMM.dll
0x00007ffe74d20000 - 0x00007ffe74d2a000 	C:\Windows\SYSTEM32\VERSION.dll
0x00007ffe78790000 - 0x00007ffe78799000 	C:\Windows\SYSTEM32\WSOCK32.dll
0x00007ffe7ca70000 - 0x00007ffe7cadb000 	C:\Windows\System32\WS2_32.dll
0x00007ffe78d20000 - 0x00007ffe78d32000 	C:\Windows\SYSTEM32\kernel.appcore.dll
0x00007ffe768f0000 - 0x00007ffe76901000 	C:\Program Files\Android\Android Studio\jre\bin\verify.dll
0x00007ffe654d0000 - 0x00007ffe656b4000 	C:\Windows\SYSTEM32\DBGHELP.DLL
0x00007ffe65490000 - 0x00007ffe654c5000 	C:\Windows\SYSTEM32\dbgcore.DLL
0x00007ffe7ae40000 - 0x00007ffe7aec2000 	C:\Windows\System32\bcryptPrimitives.dll
0x00007ffe768b0000 - 0x00007ffe768d9000 	C:\Program Files\Android\Android Studio\jre\bin\java.dll
0x00007ffe768a0000 - 0x00007ffe768ab000 	C:\Program Files\Android\Android Studio\jre\bin\jimage.dll
0x00007ffe76880000 - 0x00007ffe76898000 	C:\Program Files\Android\Android Studio\jre\bin\zip.dll
0x00007ffe7cba0000 - 0x00007ffe7d2e4000 	C:\Windows\System32\SHELL32.dll
0x00007ffe78f20000 - 0x00007ffe796b2000 	C:\Windows\SYSTEM32\windows.storage.dll
0x00007ffe7bb30000 - 0x00007ffe7be85000 	C:\Windows\System32\combase.dll
0x00007ffe7a7c0000 - 0x00007ffe7a7f0000 	C:\Windows\SYSTEM32\Wldp.dll
0x00007ffe7c820000 - 0x00007ffe7c8cd000 	C:\Windows\System32\SHCORE.dll
0x00007ffe7d6b0000 - 0x00007ffe7d705000 	C:\Windows\System32\shlwapi.dll
0x00007ffe7ad80000 - 0x00007ffe7ad9f000 	C:\Windows\SYSTEM32\profapi.dll
0x00007ffe76490000 - 0x00007ffe764aa000 	C:\Program Files\Android\Android Studio\jre\bin\net.dll
0x00007ffe744d0000 - 0x00007ffe745dc000 	C:\Windows\SYSTEM32\WINHTTP.dll
0x00007ffe7a520000 - 0x00007ffe7a58a000 	C:\Windows\system32\mswsock.dll
0x00007ffe76160000 - 0x00007ffe76174000 	C:\Program Files\Android\Android Studio\jre\bin\nio.dll

dbghelp: loaded successfully - version: 4.0.5 - missing functions: none
symbol engine: initialized successfully - sym options: 0x614 - pdb path: .;C:\Program Files\Android\Android Studio\jre\bin;C:\Windows\SYSTEM32;C:\Windows\WinSxS\amd64_microsoft.windows.common-controls_6595b64144ccf1df_6.0.19041.1110_none_60b5254171f9507e;C:\Program Files\Android\Android Studio\jre\bin\server

VM Arguments:
java_command: org.jetbrains.kotlin.cli.jvm.K2JVMCompiler @P:\MapView\app\build\20230120_813183620979204018.compiler.options
java_class_path (initial): C:\Users\Administrator\.gradle\caches\modules-2\files-2.1\org.jetbrains.kotlin\kotlin-compiler-embeddable\1.7.20\8db18559a581dd2c36ddfd5046af145650f5b126\kotlin-compiler-embeddable-1.7.20.jar;C:\Users\Administrator\.gradle\caches\modules-2\files-2.1\org.jetbrains.kotlin\kotlin-reflect\1.7.20\12b2501e33bb6373e8e347c86d85481863629381\kotlin-reflect-1.7.20.jar;C:\Users\Administrator\.gradle\caches\modules-2\files-2.1\org.jetbrains.kotlin\kotlin-stdlib\1.7.20\726594ea9ba2beb2ee113647fefa9a10f9fabe52\kotlin-stdlib-1.7.20.jar;C:\Users\Administrator\.gradle\caches\modules-2\files-2.1\org.jetbrains.kotlin\kotlin-script-runtime\1.7.20\bcd1cc6f865e632550357fcc59f5ffd532615a8\kotlin-script-runtime-1.7.20.jar;C:\Users\Administrator\.gradle\caches\modules-2\files-2.1\org.jetbrains.kotlin\kotlin-daemon-embeddable\1.7.20\1e24355adad8d529d75d5b19eab55484057431ba\kotlin-daemon-embeddable-1.7.20.jar;C:\Users\Administrator\.gradle\caches\modules-2\files-2.1\org.jetbrains.intellij.deps\trove4j\1.0.20200330\3afb14d5f9ceb459d724e907a21145e8ff394f02\trove4j-1.0.20200330.jar;C:\Users\Administrator\.gradle\caches\modules-2\files-2.1\net.java.dev.jna\jna\5.6.0\330f2244e9030119ab3030fc3fededc86713d9cc\jna-5.6.0.jar;C:\Users\Administrator\.gradle\caches\modules-2\files-2.1\org.jetbrains.kotlin\kotlin-stdlib-common\1.7.20\e15351bdaf9fa06f009be5da7a202e4184f00ae3\kotlin-stdlib-common-1.7.20.jar;C:\Users\Administrator\.gradle\caches\modules-2\files-2.1\org.jetbrains\annotations\13.0\919f0dfe192fb4e063e7dacadee7f8bb9a2672a9\annotations-13.0.jar
Launcher Type: SUN_STANDARD

[Global flags]
     intx CICompilerCount                          = 3                                         {product} {ergonomic}
     uint ConcGCThreads                            = 1                                         {product} {ergonomic}
     uint G1ConcRefinementThreads                  = 4                                         {product} {ergonomic}
   size_t G1HeapRegionSize                         = 1048576                                   {product} {ergonomic}
    uintx GCDrainStackTargetSize                   = 64                                        {product} {ergonomic}
   size_t InitialHeapSize                          = 201326592                                 {product} {ergonomic}
   size_t MarkStackSize                            = 4194304                                   {product} {ergonomic}
   size_t MaxHeapSize                              = 3210739712                                {product} {ergonomic}
   size_t MaxNewSize                               = 1926234112                                {product} {ergonomic}
   size_t MinHeapDeltaBytes                        = 1048576                                   {product} {ergonomic}
    uintx NonNMethodCodeHeapSize                   = 5830732                                {pd product} {ergonomic}
    uintx NonProfiledCodeHeapSize                  = 122913754                              {pd product} {ergonomic}
    uintx ProfiledCodeHeapSize                     = 122913754                              {pd product} {ergonomic}
    uintx ReservedCodeCacheSize                    = 251658240                              {pd product} {ergonomic}
     bool SegmentedCodeCache                       = true                                      {product} {ergonomic}
     bool UseCompressedClassPointers               = true                                 {lp64_product} {ergonomic}
     bool UseCompressedOops                        = true                                 {lp64_product} {ergonomic}
     bool UseG1GC                                  = true                                      {product} {ergonomic}
     bool UseLargePagesIndividualAllocation        = false                                  {pd product} {ergonomic}

Logging:
Log output configuration:
 #0: stdout all=warning uptime,level,tags
 #1: stderr all=off uptime,level,tags

Environment Variables:
PATH=C:\Program Files\Common Files\Oracle\Java\javapath;C:\Windows\system32;C:\Windows;C:\Windows\System32\Wbem;C:\Windows\System32\WindowsPowerShell\v1.0\;C:\Windows\System32\OpenSSH\;C:\Program Files\Git\cmd;C:\Users\Administrator\AppData\Local\Microsoft\WindowsApps;D:\Microsoft VS Code\bin;C:\Program Files\Java\jdk-19\bin;;C:\Program Files\JetBrains\IntelliJ IDEA Community Edition 2022.3.1\bin;
USERNAME=Administrator
OS=Windows_NT
PROCESSOR_IDENTIFIER=Intel64 Family 6 Model 158 Stepping 9, GenuineIntel



---------------  S Y S T E M  ---------------

OS: Windows 10 , 64 bit Build 19041 (10.0.19041.2364)
OS uptime: 0 days 2:41 hours

CPU:total 4 (initial active 4) (2 cores per cpu, 2 threads per core) family 6 model 158 stepping 9 microcode 0xb4, cmov, cx8, fxsr, mmx, sse, sse2, sse3, ssse3, sse4.1, sse4.2, popcnt, avx, avx2, aes, clmul, erms, 3dnowpref, lzcnt, ht, tsc, tscinvbit, bmi1, bmi2, adx, fma

Memory: 4k page, system-wide physical 12246M (2275M free)
TotalPageFile size 16342M (AvailPageFile size 3545M)
current process WorkingSet (physical memory assigned to process): 231M, peak: 231M
current process commit charge ("private bytes"): 369M, peak: 369M

vm_info: OpenJDK 64-Bit Server VM (11.0.13+0-b1751.21-8125866) for windows-amd64 JRE (11.0.13+0-b1751.21-8125866), built on Feb  2 2022 03:00:22 by "builder" with MS VC++ 14.0 (VS2015)

END.
